This file contains any messages produced by compilers while
running configure, to aid debugging if configure makes a mistake.

It was created by wolfssl configure 5.2.0, which was
generated by GNU Autoconf 2.69.  Invocation command line was

  $ ./configure --enable-opensslextra --enable-des3

## --------- ##
## Platform. ##
## --------- ##

hostname = DESKTOP-9JAMM8K
uname -m = x86_64
uname -r = 5.4.72-microsoft-standard-WSL2
uname -s = Linux
uname -v = #1 SMP Wed Oct 28 23:40:43 UTC 2020

/usr/bin/uname -p = x86_64
/bin/uname -X     = unknown

/bin/arch              = x86_64
/usr/bin/arch -k       = unknown
/usr/convex/getsysinfo = unknown
/usr/bin/hostinfo      = unknown
/bin/machine           = unknown
/usr/bin/oslevel       = unknown
/bin/universe          = unknown

PATH: /home/biang/.vscode-server/bin/c722ca6c7eed3d7987c0d5c3df5c45f6b15e77d1/bin/remote-cli
PATH: /usr/local/sbin
PATH: /usr/local/bin
PATH: /usr/sbin
PATH: /usr/bin
PATH: /sbin
PATH: /bin
PATH: /usr/games
PATH: /usr/local/games
PATH: /usr/lib/wsl/lib
PATH: /mnt/d/SoftWare/VMware Workstation/bin/
PATH: /mnt/d/SoftWare/Python39/Scripts/
PATH: /mnt/d/SoftWare/Python39/
PATH: /mnt/c/Python39/Scripts/
PATH: /mnt/c/Python39/
PATH: /mnt/c/Users/Dell/AppData/Local/Programs/Python/Python38/Scripts/
PATH: /mnt/c/Users/Dell/AppData/Local/Programs/Python/Python38/
PATH: /mnt/c/Program Files (x86)/Common Files/Intel/Shared Libraries/redist/intel64/compiler
PATH: /mnt/d/SoftWare/Python/Scripts/
PATH: /mnt/d/SoftWare/Python/
PATH: /mnt/c/Program Files (x86)/Common Files/Oracle/Java/javapath
PATH: /mnt/c/Windows/system32
PATH: /mnt/c/Windows
PATH: /mnt/c/Windows/System32/Wbem
PATH: /mnt/c/Windows/System32/WindowsPowerShell/v1.0/
PATH: /mnt/c/Windows/System32/OpenSSH/
PATH: /mnt/c/Program Files/Intel/WiFi/bin/
PATH: /mnt/c/Program Files/Common Files/Intel/WirelessCommon/
PATH: /mnt/c/Program Files (x86)/NVIDIA Corporation/PhysX/Common
PATH: /mnt/c/Program Files/NVIDIA Corporation/NVIDIA NvDLISR
PATH: /mnt/d/Environment/JDK8/bin
PATH: /mnt/d/Environment/JDK8/jre/bin
PATH: /mnt/d/SoftWare/Mysql80/mysql-8.0.11-winx64/bin
PATH: /mnt/d/SoftWare/scrcpy-win64-v1.13
PATH: /mnt/d/SoftWare/Redis/
PATH: /mnt/d/Environment/MinGW-w64/mingw64/bin
PATH: /mnt/d/Software/Pandoc/
PATH: /mnt/c/ProgramData/chocolatey/bin
PATH: /mnt/d/SoftWare/NodeJs/node_global/
PATH: /mnt/d/SoftWare/Git/cmd
PATH: /mnt/c/WINDOWS/system32
PATH: /mnt/c/WINDOWS
PATH: /mnt/c/WINDOWS/System32/Wbem
PATH: /mnt/c/WINDOWS/System32/WindowsPowerShell/v1.0/
PATH: /mnt/c/WINDOWS/System32/OpenSSH/
PATH: /mnt/c/WINDOWS/System32
PATH: /mnt/d/SoftWare/NodeJS/
PATH: /mnt/d/SoftWare/protoc-3.15.6-win64/bin/
PATH: /mnt/c/Users/Dell/.windows-build-tools/python27/
PATH: /mnt/c/Users/Dell/AppData/Local/Microsoft/WindowsApps
PATH: /mnt/d/Environment/JDK8/bin
PATH: /mnt/d/Environment/JDK8/jre/bin
PATH: /mnt/d/SoftWare/JetBrains/IntelliJ IDEA 2019.3.3/bin
PATH: /mnt/d/SoftWare/MicroSoft/Microsoft VS Code/bin
PATH: /mnt/c/Users/Dell/AppData/Local/Microsoft/WindowsApps
PATH: /mnt/d/Softwares/JetBrains/IntelliJ IDEA 2021.3.2/bin
PATH: /mnt/c/Users/Dell/AppData/Roaming/npm
PATH: /mnt/d/Bandzip/
PATH: /mnt/d/Environment/expolorer-driver
PATH: /mnt/i/Softwares/PyCharm 2021.3.2/bin
PATH: /snap/bin


## ----------- ##
## Core tests. ##
## ----------- ##

configure:3653: checking for gcc
configure:3669: found /usr/bin/gcc
configure:3680: result: gcc
configure:3909: checking for C compiler version
configure:3918: gcc --version >&5
gcc (Ubuntu 9.4.0-1ubuntu1~20.04.1) 9.4.0
Copyright (C) 2019 Free Software Foundation, Inc.
This is free software; see the source for copying conditions.  There is NO
warranty; not even for MERCHANTABILITY or FITNESS FOR A PARTICULAR PURPOSE.

configure:3929: $? = 0
configure:3918: gcc -v >&5
Using built-in specs.
COLLECT_GCC=gcc
COLLECT_LTO_WRAPPER=/usr/lib/gcc/x86_64-linux-gnu/9/lto-wrapper
OFFLOAD_TARGET_NAMES=nvptx-none:hsa
OFFLOAD_TARGET_DEFAULT=1
Target: x86_64-linux-gnu
Configured with: ../src/configure -v --with-pkgversion='Ubuntu 9.4.0-1ubuntu1~20.04.1' --with-bugurl=file:///usr/share/doc/gcc-9/README.Bugs --enable-languages=c,ada,c++,go,brig,d,fortran,objc,obj-c++,gm2 --prefix=/usr --with-gcc-major-version-only --program-suffix=-9 --program-prefix=x86_64-linux-gnu- --enable-shared --enable-linker-build-id --libexecdir=/usr/lib --without-included-gettext --enable-threads=posix --libdir=/usr/lib --enable-nls --enable-clocale=gnu --enable-libstdcxx-debug --enable-libstdcxx-time=yes --with-default-libstdcxx-abi=new --enable-gnu-unique-object --disable-vtable-verify --enable-plugin --enable-default-pie --with-system-zlib --with-target-system-zlib=auto --enable-objc-gc=auto --enable-multiarch --disable-werror --with-arch-32=i686 --with-abi=m64 --with-multilib-list=m32,m64,mx32 --enable-multilib --with-tune=generic --enable-offload-targets=nvptx-none=/build/gcc-9-Av3uEd/gcc-9-9.4.0/debian/tmp-nvptx/usr,hsa --without-cuda-driver --enable-checking=release --build=x86_64-linux-gnu --host=x86_64-linux-gnu --target=x86_64-linux-gnu
Thread model: posix
gcc version 9.4.0 (Ubuntu 9.4.0-1ubuntu1~20.04.1) 
configure:3929: $? = 0
configure:3918: gcc -V >&5
gcc: error: unrecognized command line option '-V'
gcc: fatal error: no input files
compilation terminated.
configure:3929: $? = 1
configure:3918: gcc -qversion >&5
gcc: error: unrecognized command line option '-qversion'; did you mean '--version'?
gcc: fatal error: no input files
compilation terminated.
configure:3929: $? = 1
configure:3949: checking whether the C compiler works
configure:3971: gcc      conftest.c  >&5
configure:3975: $? = 0
configure:4023: result: yes
configure:4026: checking for C compiler default output file name
configure:4028: result: a.out
configure:4034: checking for suffix of executables
configure:4041: gcc -o conftest      conftest.c  >&5
configure:4045: $? = 0
configure:4067: result: 
configure:4089: checking whether we are cross compiling
configure:4097: gcc -o conftest      conftest.c  >&5
configure:4101: $? = 0
configure:4108: ./conftest
configure:4112: $? = 0
configure:4100: result: no
configure:4105: checking for suffix of object files
configure:4127: gcc -c     conftest.c >&5
configure:4131: $? = 0
configure:4152: result: o
configure:4156: checking whether we are using the GNU C compiler
configure:4175: gcc -c     conftest.c >&5
configure:4175: $? = 0
configure:4184: result: yes
configure:4193: checking whether gcc accepts -g
configure:4213: gcc -c -g  conftest.c >&5
configure:4213: $? = 0
configure:4254: result: yes
configure:4271: checking for gcc option to accept ISO C89
configure:4334: gcc  -c     conftest.c >&5
configure:4334: $? = 0
configure:4347: result: none needed
configure:4375: checking whether gcc understands -c and -o together
configure:4397: gcc -c conftest.c -o conftest2.o
configure:4400: $? = 0
configure:4397: gcc -c conftest.c -o conftest2.o
configure:4400: $? = 0
configure:4412: result: yes
configure:4434: checking build system type
configure:4448: result: x86_64-pc-linux-gnu
configure:4468: checking host system type
configure:4481: result: x86_64-pc-linux-gnu
configure:4501: checking target system type
configure:4514: result: x86_64-pc-linux-gnu
configure:4558: checking for a BSD-compatible install
configure:4626: result: /usr/bin/install -c
configure:4637: checking whether build environment is sane
configure:4692: result: yes
configure:4838: checking for a thread-safe mkdir -p
configure:4877: result: /usr/bin/mkdir -p
configure:4884: checking for gawk
configure:4900: found /usr/bin/gawk
configure:4911: result: gawk
configure:4922: checking whether make sets $(MAKE)
configure:4944: result: yes
configure:4966: checking whether make supports the include directive
configure:4981: make -f confmf.GNU && cat confinc.out
this is the am__doit target
configure:4984: $? = 0
configure:5003: result: yes (GNU style)
configure:5036: checking whether make supports nested variables
configure:5053: result: yes
configure:5133: checking whether UID '1000' is supported by ustar format
configure:5136: result: yes
configure:5143: checking whether GID '1000' is supported by ustar format
configure:5146: result: yes
configure:5154: checking how to create a ustar tar archive
configure:5165: tar --version
tar (GNU tar) 1.30
Copyright (C) 2017 Free Software Foundation, Inc.
License GPLv3+: GNU GPL version 3 or later <https://gnu.org/licenses/gpl.html>.
This is free software: you are free to change and redistribute it.
There is NO WARRANTY, to the extent permitted by law.

Written by John Gilmore and Jay Fenlason.
configure:5168: $? = 0
configure:5208: tardir=conftest.dir && eval tar --format=ustar -chf - "$tardir" >conftest.tar
configure:5211: $? = 0
configure:5215: tar -xf - <conftest.tar
configure:5218: $? = 0
configure:5220: cat conftest.dir/file
GrepMe
configure:5223: $? = 0
configure:5236: result: gnutar
configure:5245: checking dependency style of gcc
configure:5356: result: gcc3
configure:5425: checking whether make supports nested variables
configure:5442: result: yes
configure:5506: checking how to print strings
configure:5533: result: printf
configure:5554: checking for a sed that does not truncate output
configure:5618: result: /usr/bin/sed
configure:5636: checking for grep that handles long lines and -e
configure:5694: result: /usr/bin/grep
configure:5699: checking for egrep
configure:5761: result: /usr/bin/grep -E
configure:5766: checking for fgrep
configure:5828: result: /usr/bin/grep -F
configure:5863: checking for ld used by gcc
configure:5930: result: /usr/bin/ld
configure:5937: checking if the linker (/usr/bin/ld) is GNU ld
configure:5952: result: yes
configure:5964: checking for BSD- or MS-compatible name lister (nm)
configure:6018: result: /usr/bin/nm -B
configure:6148: checking the name lister (/usr/bin/nm -B) interface
configure:6155: gcc -c     conftest.c >&5
configure:6158: /usr/bin/nm -B "conftest.o"
configure:6161: output
0000000000000000 B some_variable
configure:6162: result: BSD nm
configure:6165: checking whether ln -s works
configure:6169: result: yes
configure:6177: checking the maximum length of command line arguments
configure:6308: result: 1572864
configure:6356: checking how to convert x86_64-pc-linux-gnu file names to x86_64-pc-linux-gnu format
configure:6396: result: func_convert_file_noop
configure:6403: checking how to convert x86_64-pc-linux-gnu file names to toolchain format
configure:6423: result: func_convert_file_noop
configure:6430: checking for /usr/bin/ld option to reload object files
configure:6437: result: -r
configure:6511: checking for objdump
configure:6527: found /usr/bin/objdump
configure:6538: result: objdump
configure:6567: checking how to recognize dependent libraries
configure:6767: result: pass_all
configure:6852: checking for dlltool
configure:6882: result: no
configure:6909: checking how to associate runtime and link libraries
configure:6936: result: printf %s\n
configure:6997: checking for ar
configure:7013: found /usr/bin/ar
configure:7024: result: ar
configure:7061: checking for archiver @FILE support
configure:7078: gcc -c     conftest.c >&5
configure:7078: $? = 0
configure:7081: ar cr libconftest.a @conftest.lst >&5
configure:7084: $? = 0
configure:7089: ar cr libconftest.a @conftest.lst >&5
ar: conftest.o: No such file or directory
configure:7092: $? = 1
configure:7091: result: @
configure:7149: checking for strip
configure:7165: found /usr/bin/strip
configure:7176: result: strip
configure:7248: checking for ranlib
configure:7264: found /usr/bin/ranlib
configure:7275: result: ranlib
configure:7377: checking command to parse /usr/bin/nm -B output from gcc object
configure:7530: gcc -c     conftest.c >&5
configure:7533: $? = 0
configure:7537: /usr/bin/nm -B conftest.o | sed -n -e 's/^.*[	 ]\([ABCDGIRSTW][ABCDGIRSTW]*\)[	 ][	 ]*\([_A-Za-z][_A-Za-z0-9]*\)$/\1 \2 \2/p' | sed '/ __gnu_lto/d' > conftest.nm
configure:7603: gcc -o conftest      conftest.c conftstm.o >&5
configure:7606: $? = 0
configure:7644: result: ok
configure:7691: checking for sysroot
configure:7721: result: no
configure:7728: checking for a working dd
configure:7766: result: /usr/bin/dd
configure:7770: checking how to truncate binary pipes
configure:7785: result: /usr/bin/dd bs=4096 count=1
configure:7921: gcc -c     conftest.c >&5
configure:7924: $? = 0
configure:8114: checking for mt
configure:8130: found /usr/bin/mt
configure:8141: result: mt
configure:8164: checking if mt is a manifest tool
configure:8170: mt '-?'
configure:8178: result: no
configure:8855: checking how to run the C preprocessor
configure:8886: gcc -E  conftest.c
configure:8886: $? = 0
configure:8900: gcc -E  conftest.c
conftest.c:9:10: fatal error: ac_nonexistent.h: No such file or directory
    9 | #include <ac_nonexistent.h>
      |          ^~~~~~~~~~~~~~~~~~
compilation terminated.
configure:8900: $? = 1
configure: failed program was:
| /* confdefs.h */
| #define PACKAGE_NAME "wolfssl"
| #define PACKAGE_TARNAME "wolfssl"
| #define PACKAGE_VERSION "5.2.0"
| #define PACKAGE_STRING "wolfssl 5.2.0"
| #define PACKAGE_BUGREPORT "https://github.com/wolfssl/wolfssl/issues"
| #define PACKAGE_URL "https://www.wolfssl.com"
| /* end confdefs.h.  */
| #include <ac_nonexistent.h>
configure:8925: result: gcc -E
configure:8945: gcc -E  conftest.c
configure:8945: $? = 0
configure:8959: gcc -E  conftest.c
conftest.c:9:10: fatal error: ac_nonexistent.h: No such file or directory
    9 | #include <ac_nonexistent.h>
      |          ^~~~~~~~~~~~~~~~~~
compilation terminated.
configure:8959: $? = 1
configure: failed program was:
| /* confdefs.h */
| #define PACKAGE_NAME "wolfssl"
| #define PACKAGE_TARNAME "wolfssl"
| #define PACKAGE_VERSION "5.2.0"
| #define PACKAGE_STRING "wolfssl 5.2.0"
| #define PACKAGE_BUGREPORT "https://github.com/wolfssl/wolfssl/issues"
| #define PACKAGE_URL "https://www.wolfssl.com"
| /* end confdefs.h.  */
| #include <ac_nonexistent.h>
configure:8988: checking for ANSI C header files
configure:9008: gcc -c     conftest.c >&5
configure:9008: $? = 0
configure:9081: gcc -o conftest      conftest.c  >&5
configure:9081: $? = 0
configure:9081: ./conftest
configure:9081: $? = 0
configure:9092: result: yes
configure:9105: checking for sys/types.h
configure:9105: gcc -c     conftest.c >&5
configure:9105: $? = 0
configure:9105: result: yes
configure:9105: checking for sys/stat.h
configure:9105: gcc -c     conftest.c >&5
configure:9105: $? = 0
configure:9105: result: yes
configure:9105: checking for stdlib.h
configure:9105: gcc -c     conftest.c >&5
configure:9105: $? = 0
configure:9105: result: yes
configure:9105: checking for string.h
configure:9105: gcc -c     conftest.c >&5
configure:9105: $? = 0
configure:9105: result: yes
configure:9105: checking for memory.h
configure:9105: gcc -c     conftest.c >&5
configure:9105: $? = 0
configure:9105: result: yes
configure:9105: checking for strings.h
configure:9105: gcc -c     conftest.c >&5
configure:9105: $? = 0
configure:9105: result: yes
configure:9105: checking for inttypes.h
configure:9105: gcc -c     conftest.c >&5
configure:9105: $? = 0
configure:9105: result: yes
configure:9105: checking for stdint.h
configure:9105: gcc -c     conftest.c >&5
configure:9105: $? = 0
configure:9105: result: yes
configure:9105: checking for unistd.h
configure:9105: gcc -c     conftest.c >&5
configure:9105: $? = 0
configure:9105: result: yes
configure:9119: checking for dlfcn.h
configure:9119: gcc -c     conftest.c >&5
configure:9119: $? = 0
configure:9119: result: yes
configure:9672: checking for objdir
configure:9687: result: .libs
configure:9951: checking if gcc supports -fno-rtti -fno-exceptions
configure:9969: gcc -c     -fno-rtti -fno-exceptions conftest.c >&5
cc1: warning: command line option '-fno-rtti' is valid for C++/D/ObjC++ but not for C
configure:9973: $? = 0
configure:9986: result: no
configure:10350: checking for gcc option to produce PIC
configure:10357: result: -fPIC -DPIC
configure:10365: checking if gcc PIC flag -fPIC -DPIC works
configure:10383: gcc -c     -fPIC -DPIC -DPIC conftest.c >&5
configure:10387: $? = 0
configure:10400: result: yes
configure:10429: checking if gcc static flag -static works
configure:10457: result: yes
configure:10472: checking if gcc supports -c -o file.o
configure:10493: gcc -c     -o out/conftest2.o conftest.c >&5
configure:10497: $? = 0
configure:10519: result: yes
configure:10527: checking if gcc supports -c -o file.o
configure:10574: result: yes
configure:10607: checking whether the gcc linker (/usr/bin/ld -m elf_x86_64) supports shared libraries
configure:11870: result: yes
configure:11907: checking whether -lc should be explicitly linked in
configure:11915: gcc -c     conftest.c >&5
configure:11918: $? = 0
configure:11933: gcc -shared  -fPIC -DPIC conftest.o  -v -Wl,-soname -Wl,conftest -o conftest 2\>\&1 \| /usr/bin/grep  -lc  \>/dev/null 2\>\&1
configure:11936: $? = 0
configure:11950: result: no
configure:12110: checking dynamic linker characteristics
configure:12691: gcc -o conftest      -Wl,-rpath -Wl,/foo conftest.c  >&5
configure:12691: $? = 0
configure:12940: result: GNU/Linux ld.so
configure:13062: checking how to hardcode library paths into programs
configure:13087: result: immediate
configure:13635: checking whether stripping libraries is possible
configure:13640: result: yes
configure:13675: checking if libtool supports shared libraries
configure:13677: result: yes
configure:13680: checking whether to build shared libraries
configure:13705: result: yes
configure:13708: checking whether to build static libraries
configure:13712: result: no
configure:10548: checking whether the -Werror option is usable
configure:10567: gcc -c    -Werror  conftest.c >&5
configure:10567: $? = 0
configure:10576: result: yes
configure:10578: checking for simple visibility declarations
configure:10605: gcc -c    -fvisibility=hidden -Werror  conftest.c >&5
configure:10605: $? = 0
configure:10614: result: yes
configure:10644: checking size of long long
configure:10649: gcc -o conftest      conftest.c  >&5
configure:10649: $? = 0
configure:10649: ./conftest
configure:10649: $? = 0
configure:10663: result: 8
configure:10677: checking size of long
configure:10682: gcc -o conftest      conftest.c  >&5
configure:10682: $? = 0
configure:10682: ./conftest
configure:10682: $? = 0
configure:10696: result: 8
configure:10710: checking size of time_t
configure:10715: gcc -o conftest      conftest.c  >&5
configure:10715: $? = 0
configure:10715: ./conftest
configure:10715: $? = 0
configure:10729: result: 8
configure:10739: checking for __uint128_t
configure:10739: gcc -c     conftest.c >&5
configure:10739: $? = 0
configure:10739: gcc -c     conftest.c >&5
conftest.c: In function 'main':
conftest.c:61:26: error: expected expression before ')' token
   61 | if (sizeof ((__uint128_t)))
      |                          ^
configure:10739: $? = 1
configure: failed program was:
| /* confdefs.h */
| #define PACKAGE_NAME "wolfssl"
| #define PACKAGE_TARNAME "wolfssl"
| #define PACKAGE_VERSION "5.2.0"
| #define PACKAGE_STRING "wolfssl 5.2.0"
| #define PACKAGE_BUGREPORT "https://github.com/wolfssl/wolfssl/issues"
| #define PACKAGE_URL "https://www.wolfssl.com"
| #define STDC_HEADERS 1
| #define HAVE_SYS_TYPES_H 1
| #define HAVE_SYS_STAT_H 1
| #define HAVE_STDLIB_H 1
| #define HAVE_STRING_H 1
| #define HAVE_MEMORY_H 1
| #define HAVE_STRINGS_H 1
| #define HAVE_INTTYPES_H 1
| #define HAVE_STDINT_H 1
| #define HAVE_UNISTD_H 1
| #define HAVE_DLFCN_H 1
| #define LT_OBJDIR ".libs/"
| #define HAVE_VISIBILITY 1
| #define SIZEOF_LONG_LONG 8
| #define SIZEOF_LONG 8
| #define SIZEOF_TIME_T 8
| /* end confdefs.h.  */
| #include <stdio.h>
| #ifdef HAVE_SYS_TYPES_H
| # include <sys/types.h>
| #endif
| #ifdef HAVE_SYS_STAT_H
| # include <sys/stat.h>
| #endif
| #ifdef STDC_HEADERS
| # include <stdlib.h>
| # include <stddef.h>
| #else
| # ifdef HAVE_STDLIB_H
| #  include <stdlib.h>
| # endif
| #endif
| #ifdef HAVE_STRING_H
| # if !defined STDC_HEADERS && defined HAVE_MEMORY_H
| #  include <memory.h>
| # endif
| # include <string.h>
| #endif
| #ifdef HAVE_STRINGS_H
| # include <strings.h>
| #endif
| #ifdef HAVE_INTTYPES_H
| # include <inttypes.h>
| #endif
| #ifdef HAVE_STDINT_H
| # include <stdint.h>
| #endif
| #ifdef HAVE_UNISTD_H
| # include <unistd.h>
| #endif
| int
| main ()
| {
| if (sizeof ((__uint128_t)))
| 	    return 0;
|   ;
|   return 0;
| }
configure:10739: result: yes
configure:10774: checking arpa/inet.h usability
configure:10774: gcc -c     conftest.c >&5
configure:10774: $? = 0
configure:10774: result: yes
configure:10774: checking arpa/inet.h presence
configure:10774: gcc -E  conftest.c
configure:10774: $? = 0
configure:10774: result: yes
configure:10774: checking for arpa/inet.h
configure:10774: result: yes
configure:10774: checking fcntl.h usability
configure:10774: gcc -c     conftest.c >&5
configure:10774: $? = 0
configure:10774: result: yes
configure:10774: checking fcntl.h presence
configure:10774: gcc -E  conftest.c
configure:10774: $? = 0
configure:10774: result: yes
configure:10774: checking for fcntl.h
configure:10774: result: yes
configure:10774: checking limits.h usability
configure:10774: gcc -c     conftest.c >&5
configure:10774: $? = 0
configure:10774: result: yes
configure:10774: checking limits.h presence
configure:10774: gcc -E  conftest.c
configure:10774: $? = 0
configure:10774: result: yes
configure:10774: checking for limits.h
configure:10774: result: yes
configure:10774: checking netdb.h usability
configure:10774: gcc -c     conftest.c >&5
configure:10774: $? = 0
configure:10774: result: yes
configure:10774: checking netdb.h presence
configure:10774: gcc -E  conftest.c
configure:10774: $? = 0
configure:10774: result: yes
configure:10774: checking for netdb.h
configure:10774: result: yes
configure:10774: checking netinet/in.h usability
configure:10774: gcc -c     conftest.c >&5
configure:10774: $? = 0
configure:10774: result: yes
configure:10774: checking netinet/in.h presence
configure:10774: gcc -E  conftest.c
configure:10774: $? = 0
configure:10774: result: yes
configure:10774: checking for netinet/in.h
configure:10774: result: yes
configure:10774: checking stddef.h usability
configure:10774: gcc -c     conftest.c >&5
configure:10774: $? = 0
configure:10774: result: yes
configure:10774: checking stddef.h presence
configure:10774: gcc -E  conftest.c
configure:10774: $? = 0
configure:10774: result: yes
configure:10774: checking for stddef.h
configure:10774: result: yes
configure:10774: checking time.h usability
configure:10774: gcc -c     conftest.c >&5
configure:10774: $? = 0
configure:10774: result: yes
configure:10774: checking time.h presence
configure:10774: gcc -E  conftest.c
configure:10774: $? = 0
configure:10774: result: yes
configure:10774: checking for time.h
configure:10774: result: yes
configure:10774: checking sys/ioctl.h usability
configure:10774: gcc -c     conftest.c >&5
configure:10774: $? = 0
configure:10774: result: yes
configure:10774: checking sys/ioctl.h presence
configure:10774: gcc -E  conftest.c
configure:10774: $? = 0
configure:10774: result: yes
configure:10774: checking for sys/ioctl.h
configure:10774: result: yes
configure:10774: checking sys/socket.h usability
configure:10774: gcc -c     conftest.c >&5
configure:10774: $? = 0
configure:10774: result: yes
configure:10774: checking sys/socket.h presence
configure:10774: gcc -E  conftest.c
configure:10774: $? = 0
configure:10774: result: yes
configure:10774: checking for sys/socket.h
configure:10774: result: yes
configure:10774: checking sys/time.h usability
configure:10774: gcc -c     conftest.c >&5
configure:10774: $? = 0
configure:10774: result: yes
configure:10774: checking sys/time.h presence
configure:10774: gcc -E  conftest.c
configure:10774: $? = 0
configure:10774: result: yes
configure:10774: checking for sys/time.h
configure:10774: result: yes
configure:10774: checking errno.h usability
configure:10774: gcc -c     conftest.c >&5
configure:10774: $? = 0
configure:10774: result: yes
configure:10774: checking errno.h presence
configure:10774: gcc -E  conftest.c
configure:10774: $? = 0
configure:10774: result: yes
configure:10774: checking for errno.h
configure:10774: result: yes
configure:10784: checking for socket in -lnetwork
configure:10809: gcc -o conftest      conftest.c -lnetwork   >&5
/usr/bin/ld: cannot find -lnetwork
collect2: error: ld returned 1 exit status
configure:10809: $? = 1
configure: failed program was:
| /* confdefs.h */
| #define PACKAGE_NAME "wolfssl"
| #define PACKAGE_TARNAME "wolfssl"
| #define PACKAGE_VERSION "5.2.0"
| #define PACKAGE_STRING "wolfssl 5.2.0"
| #define PACKAGE_BUGREPORT "https://github.com/wolfssl/wolfssl/issues"
| #define PACKAGE_URL "https://www.wolfssl.com"
| #define STDC_HEADERS 1
| #define HAVE_SYS_TYPES_H 1
| #define HAVE_SYS_STAT_H 1
| #define HAVE_STDLIB_H 1
| #define HAVE_STRING_H 1
| #define HAVE_MEMORY_H 1
| #define HAVE_STRINGS_H 1
| #define HAVE_INTTYPES_H 1
| #define HAVE_STDINT_H 1
| #define HAVE_UNISTD_H 1
| #define HAVE_DLFCN_H 1
| #define LT_OBJDIR ".libs/"
| #define HAVE_VISIBILITY 1
| #define SIZEOF_LONG_LONG 8
| #define SIZEOF_LONG 8
| #define SIZEOF_TIME_T 8
| #define HAVE___UINT128_T 1
| #define HAVE_ARPA_INET_H 1
| #define HAVE_FCNTL_H 1
| #define HAVE_LIMITS_H 1
| #define HAVE_NETDB_H 1
| #define HAVE_NETINET_IN_H 1
| #define HAVE_STDDEF_H 1
| #define HAVE_TIME_H 1
| #define HAVE_SYS_IOCTL_H 1
| #define HAVE_SYS_SOCKET_H 1
| #define HAVE_SYS_TIME_H 1
| #define HAVE_ERRNO_H 1
| /* end confdefs.h.  */
| 
| /* Override any GCC internal prototype to avoid an error.
|    Use char because int might match the return type of a GCC
|    builtin and then its argument prototype would still apply.  */
| #ifdef __cplusplus
| extern "C"
| #endif
| char socket ();
| int
| main ()
| {
| return socket ();
|   ;
|   return 0;
| }
configure:10818: result: no
configure:10829: checking whether byte ordering is bigendian
configure:10844: gcc -c     conftest.c >&5
conftest.c:38:9: error: unknown type name 'not'
   38 |         not a universal capable compiler
      |         ^~~
conftest.c:38:15: error: expected '=', ',', ';', 'asm' or '__attribute__' before 'universal'
   38 |         not a universal capable compiler
      |               ^~~~~~~~~
conftest.c:38:15: error: unknown type name 'universal'
configure:10844: $? = 1
configure: failed program was:
| /* confdefs.h */
| #define PACKAGE_NAME "wolfssl"
| #define PACKAGE_TARNAME "wolfssl"
| #define PACKAGE_VERSION "5.2.0"
| #define PACKAGE_STRING "wolfssl 5.2.0"
| #define PACKAGE_BUGREPORT "https://github.com/wolfssl/wolfssl/issues"
| #define PACKAGE_URL "https://www.wolfssl.com"
| #define STDC_HEADERS 1
| #define HAVE_SYS_TYPES_H 1
| #define HAVE_SYS_STAT_H 1
| #define HAVE_STDLIB_H 1
| #define HAVE_STRING_H 1
| #define HAVE_MEMORY_H 1
| #define HAVE_STRINGS_H 1
| #define HAVE_INTTYPES_H 1
| #define HAVE_STDINT_H 1
| #define HAVE_UNISTD_H 1
| #define HAVE_DLFCN_H 1
| #define LT_OBJDIR ".libs/"
| #define HAVE_VISIBILITY 1
| #define SIZEOF_LONG_LONG 8
| #define SIZEOF_LONG 8
| #define SIZEOF_TIME_T 8
| #define HAVE___UINT128_T 1
| #define HAVE_ARPA_INET_H 1
| #define HAVE_FCNTL_H 1
| #define HAVE_LIMITS_H 1
| #define HAVE_NETDB_H 1
| #define HAVE_NETINET_IN_H 1
| #define HAVE_STDDEF_H 1
| #define HAVE_TIME_H 1
| #define HAVE_SYS_IOCTL_H 1
| #define HAVE_SYS_SOCKET_H 1
| #define HAVE_SYS_TIME_H 1
| #define HAVE_ERRNO_H 1
| /* end confdefs.h.  */
| #ifndef __APPLE_CC__
| 	       not a universal capable compiler
| 	     #endif
| 	     typedef int dummy;
| 
configure:10889: gcc -c     conftest.c >&5
configure:10889: $? = 0
configure:10907: gcc -c     conftest.c >&5
conftest.c: In function 'main':
conftest.c:44:4: error: unknown type name 'not'; did you mean 'ino_t'?
   44 |    not big endian
      |    ^~~
      |    ino_t
conftest.c:44:12: error: expected '=', ',', ';', 'asm' or '__attribute__' before 'endian'
   44 |    not big endian
      |            ^~~~~~
configure:10907: $? = 1
configure: failed program was:
| /* confdefs.h */
| #define PACKAGE_NAME "wolfssl"
| #define PACKAGE_TARNAME "wolfssl"
| #define PACKAGE_VERSION "5.2.0"
| #define PACKAGE_STRING "wolfssl 5.2.0"
| #define PACKAGE_BUGREPORT "https://github.com/wolfssl/wolfssl/issues"
| #define PACKAGE_URL "https://www.wolfssl.com"
| #define STDC_HEADERS 1
| #define HAVE_SYS_TYPES_H 1
| #define HAVE_SYS_STAT_H 1
| #define HAVE_STDLIB_H 1
| #define HAVE_STRING_H 1
| #define HAVE_MEMORY_H 1
| #define HAVE_STRINGS_H 1
| #define HAVE_INTTYPES_H 1
| #define HAVE_STDINT_H 1
| #define HAVE_UNISTD_H 1
| #define HAVE_DLFCN_H 1
| #define LT_OBJDIR ".libs/"
| #define HAVE_VISIBILITY 1
| #define SIZEOF_LONG_LONG 8
| #define SIZEOF_LONG 8
| #define SIZEOF_TIME_T 8
| #define HAVE___UINT128_T 1
| #define HAVE_ARPA_INET_H 1
| #define HAVE_FCNTL_H 1
| #define HAVE_LIMITS_H 1
| #define HAVE_NETDB_H 1
| #define HAVE_NETINET_IN_H 1
| #define HAVE_STDDEF_H 1
| #define HAVE_TIME_H 1
| #define HAVE_SYS_IOCTL_H 1
| #define HAVE_SYS_SOCKET_H 1
| #define HAVE_SYS_TIME_H 1
| #define HAVE_ERRNO_H 1
| /* end confdefs.h.  */
| #include <sys/types.h>
| 		#include <sys/param.h>
| 
| int
| main ()
| {
| #if BYTE_ORDER != BIG_ENDIAN
| 		 not big endian
| 		#endif
| 
|   ;
|   return 0;
| }
configure:11035: result: no
configure:11060: checking for gethostbyname
configure:11060: gcc -o conftest      conftest.c  >&5
configure:11060: $? = 0
configure:11060: result: yes
configure:11060: checking for getaddrinfo
configure:11060: gcc -o conftest      conftest.c  >&5
configure:11060: $? = 0
configure:11060: result: yes
configure:11060: checking for gettimeofday
configure:11060: gcc -o conftest      conftest.c  >&5
configure:11060: $? = 0
configure:11060: result: yes
configure:11060: checking for gmtime_r
configure:11060: gcc -o conftest      conftest.c  >&5
configure:11060: $? = 0
configure:11060: result: yes
configure:11060: checking for inet_ntoa
configure:11060: gcc -o conftest      conftest.c  >&5
configure:11060: $? = 0
configure:11060: result: yes
configure:11060: checking for memset
configure:11060: gcc -o conftest      conftest.c  >&5
conftest.c:65:6: warning: conflicting types for built-in function 'memset'; expected 'void *(void *, int,  long unsigned int)' [-Wbuiltin-declaration-mismatch]
   65 | char memset ();
      |      ^~~~~~
conftest.c:53:1: note: 'memset' is declared in header '<string.h>'
   52 | # include <limits.h>
   53 | #else
configure:11060: $? = 0
configure:11060: result: yes
configure:11060: checking for socket
configure:11060: gcc -o conftest      conftest.c  >&5
configure:11060: $? = 0
configure:11060: result: yes
configure:11060: checking for strftime
configure:11060: gcc -o conftest      conftest.c  >&5
conftest.c:67:6: warning: conflicting types for built-in function 'strftime'; expected 'long unsigned int(char *, long unsigned int,  const char *, const void *)' [-Wbuiltin-declaration-mismatch]
   67 | char strftime ();
      |      ^~~~~~~~
conftest.c:55:1: note: 'strftime' is declared in header '<time.h>'
   54 | # include <limits.h>
   55 | #else
configure:11060: $? = 0
configure:11060: result: yes
configure:11060: checking for atexit
configure:11060: gcc -o conftest      conftest.c  >&5
configure:11060: $? = 0
configure:11060: result: yes
configure:11069: checking whether gethostbyname is declared
configure:11069: gcc -c     conftest.c >&5
configure:11069: $? = 0
configure:11069: result: yes
configure:11114: checking whether getaddrinfo is declared
configure:11114: gcc -c     conftest.c >&5
configure:11114: $? = 0
configure:11114: result: yes
configure:11159: checking whether gettimeofday is declared
configure:11159: gcc -c     conftest.c >&5
configure:11159: $? = 0
configure:11159: result: yes
configure:11204: checking whether gmtime_r is declared
configure:11204: gcc -c     conftest.c >&5
configure:11204: $? = 0
configure:11204: result: yes
configure:11249: checking whether inet_ntoa is declared
configure:11249: gcc -c     conftest.c >&5
configure:11249: $? = 0
configure:11249: result: yes
configure:11294: checking whether memset is declared
configure:11294: gcc -c     conftest.c >&5
configure:11294: $? = 0
configure:11294: result: yes
configure:11339: checking whether socket is declared
configure:11339: gcc -c     conftest.c >&5
configure:11339: $? = 0
configure:11339: result: yes
configure:11384: checking whether strftime is declared
configure:11384: gcc -c     conftest.c >&5
configure:11384: $? = 0
configure:11384: result: yes
configure:11432: checking for size_t
configure:11432: gcc -c     conftest.c >&5
configure:11432: $? = 0
configure:11432: gcc -c     conftest.c >&5
conftest.c: In function 'main':
conftest.c:90:21: error: expected expression before ')' token
   90 | if (sizeof ((size_t)))
      |                     ^
configure:11432: $? = 1
configure: failed program was:
| /* confdefs.h */
| #define PACKAGE_NAME "wolfssl"
| #define PACKAGE_TARNAME "wolfssl"
| #define PACKAGE_VERSION "5.2.0"
| #define PACKAGE_STRING "wolfssl 5.2.0"
| #define PACKAGE_BUGREPORT "https://github.com/wolfssl/wolfssl/issues"
| #define PACKAGE_URL "https://www.wolfssl.com"
| #define STDC_HEADERS 1
| #define HAVE_SYS_TYPES_H 1
| #define HAVE_SYS_STAT_H 1
| #define HAVE_STDLIB_H 1
| #define HAVE_STRING_H 1
| #define HAVE_MEMORY_H 1
| #define HAVE_STRINGS_H 1
| #define HAVE_INTTYPES_H 1
| #define HAVE_STDINT_H 1
| #define HAVE_UNISTD_H 1
| #define HAVE_DLFCN_H 1
| #define LT_OBJDIR ".libs/"
| #define HAVE_VISIBILITY 1
| #define SIZEOF_LONG_LONG 8
| #define SIZEOF_LONG 8
| #define SIZEOF_TIME_T 8
| #define HAVE___UINT128_T 1
| #define HAVE_ARPA_INET_H 1
| #define HAVE_FCNTL_H 1
| #define HAVE_LIMITS_H 1
| #define HAVE_NETDB_H 1
| #define HAVE_NETINET_IN_H 1
| #define HAVE_STDDEF_H 1
| #define HAVE_TIME_H 1
| #define HAVE_SYS_IOCTL_H 1
| #define HAVE_SYS_SOCKET_H 1
| #define HAVE_SYS_TIME_H 1
| #define HAVE_ERRNO_H 1
| #define HAVE_GETHOSTBYNAME 1
| #define HAVE_GETADDRINFO 1
| #define HAVE_GETTIMEOFDAY 1
| #define HAVE_GMTIME_R 1
| #define HAVE_INET_NTOA 1
| #define HAVE_MEMSET 1
| #define HAVE_SOCKET 1
| #define HAVE_STRFTIME 1
| #define HAVE_ATEXIT 1
| #define HAVE_DECL_GETHOSTBYNAME 1
| #define HAVE_DECL_GETADDRINFO 1
| #define HAVE_DECL_GETTIMEOFDAY 1
| #define HAVE_DECL_GMTIME_R 1
| #define HAVE_DECL_INET_NTOA 1
| #define HAVE_DECL_MEMSET 1
| #define HAVE_DECL_SOCKET 1
| #define HAVE_DECL_STRFTIME 1
| /* end confdefs.h.  */
| #include <stdio.h>
| #ifdef HAVE_SYS_TYPES_H
| # include <sys/types.h>
| #endif
| #ifdef HAVE_SYS_STAT_H
| # include <sys/stat.h>
| #endif
| #ifdef STDC_HEADERS
| # include <stdlib.h>
| # include <stddef.h>
| #else
| # ifdef HAVE_STDLIB_H
| #  include <stdlib.h>
| # endif
| #endif
| #ifdef HAVE_STRING_H
| # if !defined STDC_HEADERS && defined HAVE_MEMORY_H
| #  include <memory.h>
| # endif
| # include <string.h>
| #endif
| #ifdef HAVE_STRINGS_H
| # include <strings.h>
| #endif
| #ifdef HAVE_INTTYPES_H
| # include <inttypes.h>
| #endif
| #ifdef HAVE_STDINT_H
| # include <stdint.h>
| #endif
| #ifdef HAVE_UNISTD_H
| # include <unistd.h>
| #endif
| int
| main ()
| {
| if (sizeof ((size_t)))
| 	    return 0;
|   ;
|   return 0;
| }
configure:11432: result: yes
configure:11443: checking for uint8_t
configure:11443: gcc -c     conftest.c >&5
configure:11443: $? = 0
configure:11443: result: yes
configure:11458: checking for uintptr_t
configure:11458: gcc -c     conftest.c >&5
configure:11458: $? = 0
configure:11458: gcc -c     conftest.c >&5
conftest.c: In function 'main':
conftest.c:90:24: error: expected expression before ')' token
   90 | if (sizeof ((uintptr_t)))
      |                        ^
configure:11458: $? = 1
configure: failed program was:
| /* confdefs.h */
| #define PACKAGE_NAME "wolfssl"
| #define PACKAGE_TARNAME "wolfssl"
| #define PACKAGE_VERSION "5.2.0"
| #define PACKAGE_STRING "wolfssl 5.2.0"
| #define PACKAGE_BUGREPORT "https://github.com/wolfssl/wolfssl/issues"
| #define PACKAGE_URL "https://www.wolfssl.com"
| #define STDC_HEADERS 1
| #define HAVE_SYS_TYPES_H 1
| #define HAVE_SYS_STAT_H 1
| #define HAVE_STDLIB_H 1
| #define HAVE_STRING_H 1
| #define HAVE_MEMORY_H 1
| #define HAVE_STRINGS_H 1
| #define HAVE_INTTYPES_H 1
| #define HAVE_STDINT_H 1
| #define HAVE_UNISTD_H 1
| #define HAVE_DLFCN_H 1
| #define LT_OBJDIR ".libs/"
| #define HAVE_VISIBILITY 1
| #define SIZEOF_LONG_LONG 8
| #define SIZEOF_LONG 8
| #define SIZEOF_TIME_T 8
| #define HAVE___UINT128_T 1
| #define HAVE_ARPA_INET_H 1
| #define HAVE_FCNTL_H 1
| #define HAVE_LIMITS_H 1
| #define HAVE_NETDB_H 1
| #define HAVE_NETINET_IN_H 1
| #define HAVE_STDDEF_H 1
| #define HAVE_TIME_H 1
| #define HAVE_SYS_IOCTL_H 1
| #define HAVE_SYS_SOCKET_H 1
| #define HAVE_SYS_TIME_H 1
| #define HAVE_ERRNO_H 1
| #define HAVE_GETHOSTBYNAME 1
| #define HAVE_GETADDRINFO 1
| #define HAVE_GETTIMEOFDAY 1
| #define HAVE_GMTIME_R 1
| #define HAVE_INET_NTOA 1
| #define HAVE_MEMSET 1
| #define HAVE_SOCKET 1
| #define HAVE_STRFTIME 1
| #define HAVE_ATEXIT 1
| #define HAVE_DECL_GETHOSTBYNAME 1
| #define HAVE_DECL_GETADDRINFO 1
| #define HAVE_DECL_GETTIMEOFDAY 1
| #define HAVE_DECL_GMTIME_R 1
| #define HAVE_DECL_INET_NTOA 1
| #define HAVE_DECL_MEMSET 1
| #define HAVE_DECL_SOCKET 1
| #define HAVE_DECL_STRFTIME 1
| /* end confdefs.h.  */
| #include <stdio.h>
| #ifdef HAVE_SYS_TYPES_H
| # include <sys/types.h>
| #endif
| #ifdef HAVE_SYS_STAT_H
| # include <sys/stat.h>
| #endif
| #ifdef STDC_HEADERS
| # include <stdlib.h>
| # include <stddef.h>
| #else
| # ifdef HAVE_STDLIB_H
| #  include <stdlib.h>
| # endif
| #endif
| #ifdef HAVE_STRING_H
| # if !defined STDC_HEADERS && defined HAVE_MEMORY_H
| #  include <memory.h>
| # endif
| # include <string.h>
| #endif
| #ifdef HAVE_STRINGS_H
| # include <strings.h>
| #endif
| #ifdef HAVE_INTTYPES_H
| # include <inttypes.h>
| #endif
| #ifdef HAVE_STDINT_H
| # include <stdint.h>
| #endif
| #ifdef HAVE_UNISTD_H
| # include <unistd.h>
| #endif
| int
| main ()
| {
| if (sizeof ((uintptr_t)))
| 	    return 0;
|   ;
|   return 0;
| }
configure:11458: result: yes
configure:11503: checking dependency style of gcc
configure:11612: result: gcc3
configure:11715: checking for cos in -lm
configure:11740: gcc -o conftest      conftest.c -lm   >&5
conftest.c:62:6: warning: conflicting types for built-in function 'cos'; expected 'double(double)' [-Wbuiltin-declaration-mismatch]
   62 | char cos ();
      |      ^~~
conftest.c:1:1: note: 'cos' is declared in header '<math.h>'
    1 | /* confdefs.h */
configure:11740: $? = 0
configure:11749: result: yes
configure:11774: checking for thread local storage (TLS) class
configure:11796: gcc -c     conftest.c >&5
conftest.c: In function 'main':
conftest.c:59:21: error: expected ';' before 'int'
   59 | static  thread_local  int bar;
      |                     ^ ~~~
      |                     ;
configure:11796: $? = 1
configure: failed program was:
| /* confdefs.h */
| #define PACKAGE_NAME "wolfssl"
| #define PACKAGE_TARNAME "wolfssl"
| #define PACKAGE_VERSION "5.2.0"
| #define PACKAGE_STRING "wolfssl 5.2.0"
| #define PACKAGE_BUGREPORT "https://github.com/wolfssl/wolfssl/issues"
| #define PACKAGE_URL "https://www.wolfssl.com"
| #define STDC_HEADERS 1
| #define HAVE_SYS_TYPES_H 1
| #define HAVE_SYS_STAT_H 1
| #define HAVE_STDLIB_H 1
| #define HAVE_STRING_H 1
| #define HAVE_MEMORY_H 1
| #define HAVE_STRINGS_H 1
| #define HAVE_INTTYPES_H 1
| #define HAVE_STDINT_H 1
| #define HAVE_UNISTD_H 1
| #define HAVE_DLFCN_H 1
| #define LT_OBJDIR ".libs/"
| #define HAVE_VISIBILITY 1
| #define SIZEOF_LONG_LONG 8
| #define SIZEOF_LONG 8
| #define SIZEOF_TIME_T 8
| #define HAVE___UINT128_T 1
| #define HAVE_ARPA_INET_H 1
| #define HAVE_FCNTL_H 1
| #define HAVE_LIMITS_H 1
| #define HAVE_NETDB_H 1
| #define HAVE_NETINET_IN_H 1
| #define HAVE_STDDEF_H 1
| #define HAVE_TIME_H 1
| #define HAVE_SYS_IOCTL_H 1
| #define HAVE_SYS_SOCKET_H 1
| #define HAVE_SYS_TIME_H 1
| #define HAVE_ERRNO_H 1
| #define HAVE_GETHOSTBYNAME 1
| #define HAVE_GETADDRINFO 1
| #define HAVE_GETTIMEOFDAY 1
| #define HAVE_GMTIME_R 1
| #define HAVE_INET_NTOA 1
| #define HAVE_MEMSET 1
| #define HAVE_SOCKET 1
| #define HAVE_STRFTIME 1
| #define HAVE_ATEXIT 1
| #define HAVE_DECL_GETHOSTBYNAME 1
| #define HAVE_DECL_GETADDRINFO 1
| #define HAVE_DECL_GETTIMEOFDAY 1
| #define HAVE_DECL_GMTIME_R 1
| #define HAVE_DECL_INET_NTOA 1
| #define HAVE_DECL_MEMSET 1
| #define HAVE_DECL_SOCKET 1
| #define HAVE_DECL_STRFTIME 1
| #define HAVE_UINTPTR_T 1
| /* end confdefs.h.  */
| #include <stdlib.h>
| int
| main ()
| {
| static  thread_local  int bar;
| 
|   ;
|   return 0;
| }
configure:11796: gcc -c     conftest.c >&5
configure:11796: $? = 0
configure:11809: result: _Thread_local
configure:11847: checking for debug
configure:11849: result: no
configure:12798: checking whether gcc is Clang
configure:12823: result: no
configure:12885: checking whether pthreads work with "-pthread" and "-lpthread"
configure:12990: gcc -o conftest    -pthread   conftest.c -lpthread  >&5
configure:12990: $? = 0
configure:12999: result: yes
configure:13116: checking for joinable pthread attribute
configure:13134: gcc -o conftest    -pthread   conftest.c -lpthread  >&5
configure:13134: $? = 0
configure:13142: result: PTHREAD_CREATE_JOINABLE
configure:13156: checking whether more special flags are required for pthreads
configure:13169: result: no
configure:13177: checking for PTHREAD_PRIO_INHERIT
configure:13194: gcc -o conftest    -pthread   conftest.c -lpthread  >&5
configure:13194: $? = 0
configure:13203: result: yes
configure:20464: checking for fast RSA
configure:20479: result: no
configure:22210: checking for library containing gethostbyname
configure:22241: gcc -o conftest      conftest.c  -lpthread >&5
configure:22241: $? = 0
configure:22258: result: none required
configure:22266: checking for library containing socket
configure:22297: gcc -o conftest      conftest.c  -lpthread >&5
configure:22297: $? = 0
configure:22314: result: none required
configure:22365: checking for vcs system
configure:22385: result: none
configure:22394: checking for vcs checkout
configure:22406: result: no
configure:22478: checking whether the linker accepts -Werror
configure:22497: gcc -o conftest       -Werror conftest.c  -lpthread >&5
configure:22497: $? = 0
configure:22506: result: yes
configure:22520: checking whether the linker accepts -z relro -z now
configure:22539: gcc -o conftest      -Werror -z relro -z now conftest.c  -lpthread >&5
configure:22539: $? = 0
configure:22549: result: yes
configure:22561: checking whether the linker accepts -pie
configure:22580: gcc -o conftest      -Werror -pie conftest.c  -lpthread >&5
configure:22580: $? = 0
configure:22590: result: yes
configure:22704: checking whether C compiler accepts -Werror
configure:22723: gcc -c     -Werror  conftest.c >&5
configure:22723: $? = 0
configure:22732: result: yes
configure:22748: : ax_append_compile_cflags_extra="$ax_append_compile_cflags_extra"
configure:22751: $? = 0
configure:23012: checking whether C compiler accepts -Wno-pragmas
configure:23031: gcc -c     -Werror -Wno-pragmas  conftest.c >&5
configure:23031: $? = 0
configure:23040: result: yes
configure:23056: : CFLAGS="$CFLAGS"
configure:23059: $? = 0
configure:23088: checking whether C compiler accepts -Wall
configure:23107: gcc -c    -Wno-pragmas  -Werror -Wall  conftest.c >&5
configure:23107: $? = 0
configure:23116: result: yes
configure:23132: : CFLAGS="$CFLAGS"
configure:23135: $? = 0
configure:23163: checking whether C compiler accepts -Wno-strict-aliasing
configure:23182: gcc -c    -Wno-pragmas -Wall  -Werror -Wno-strict-aliasing  conftest.c >&5
configure:23182: $? = 0
configure:23191: result: yes
configure:23207: : CFLAGS="$CFLAGS"
configure:23210: $? = 0
configure:23238: checking whether C compiler accepts -Wextra
configure:23257: gcc -c    -Wno-pragmas -Wall -Wno-strict-aliasing  -Werror -Wextra  conftest.c >&5
configure:23257: $? = 0
configure:23266: result: yes
configure:23282: : CFLAGS="$CFLAGS"
configure:23285: $? = 0
configure:23313: checking whether C compiler accepts -Wunknown-pragmas
configure:23332: gcc -c    -Wno-pragmas -Wall -Wno-strict-aliasing -Wextra  -Werror -Wunknown-pragmas  conftest.c >&5
configure:23332: $? = 0
configure:23341: result: yes
configure:23357: : CFLAGS="$CFLAGS"
configure:23360: $? = 0
configure:23388: checking whether C compiler accepts -Wthis-test-should-fail
configure:23407: gcc -c    -Wno-pragmas -Wall -Wno-strict-aliasing -Wextra -Wunknown-pragmas  -Werror -Wthis-test-should-fail  conftest.c >&5
gcc: error: unrecognized command line option '-Wthis-test-should-fail'
configure:23407: $? = 1
configure: failed program was:
| /* confdefs.h */
| #define PACKAGE_NAME "wolfssl"
| #define PACKAGE_TARNAME "wolfssl"
| #define PACKAGE_VERSION "5.2.0"
| #define PACKAGE_STRING "wolfssl 5.2.0"
| #define PACKAGE_BUGREPORT "https://github.com/wolfssl/wolfssl/issues"
| #define PACKAGE_URL "https://www.wolfssl.com"
| #define STDC_HEADERS 1
| #define HAVE_SYS_TYPES_H 1
| #define HAVE_SYS_STAT_H 1
| #define HAVE_STDLIB_H 1
| #define HAVE_STRING_H 1
| #define HAVE_MEMORY_H 1
| #define HAVE_STRINGS_H 1
| #define HAVE_INTTYPES_H 1
| #define HAVE_STDINT_H 1
| #define HAVE_UNISTD_H 1
| #define HAVE_DLFCN_H 1
| #define LT_OBJDIR ".libs/"
| #define HAVE_VISIBILITY 1
| #define SIZEOF_LONG_LONG 8
| #define SIZEOF_LONG 8
| #define SIZEOF_TIME_T 8
| #define HAVE___UINT128_T 1
| #define HAVE_ARPA_INET_H 1
| #define HAVE_FCNTL_H 1
| #define HAVE_LIMITS_H 1
| #define HAVE_NETDB_H 1
| #define HAVE_NETINET_IN_H 1
| #define HAVE_STDDEF_H 1
| #define HAVE_TIME_H 1
| #define HAVE_SYS_IOCTL_H 1
| #define HAVE_SYS_SOCKET_H 1
| #define HAVE_SYS_TIME_H 1
| #define HAVE_ERRNO_H 1
| #define HAVE_GETHOSTBYNAME 1
| #define HAVE_GETADDRINFO 1
| #define HAVE_GETTIMEOFDAY 1
| #define HAVE_GMTIME_R 1
| #define HAVE_INET_NTOA 1
| #define HAVE_MEMSET 1
| #define HAVE_SOCKET 1
| #define HAVE_STRFTIME 1
| #define HAVE_ATEXIT 1
| #define HAVE_DECL_GETHOSTBYNAME 1
| #define HAVE_DECL_GETADDRINFO 1
| #define HAVE_DECL_GETTIMEOFDAY 1
| #define HAVE_DECL_GMTIME_R 1
| #define HAVE_DECL_INET_NTOA 1
| #define HAVE_DECL_MEMSET 1
| #define HAVE_DECL_SOCKET 1
| #define HAVE_DECL_STRFTIME 1
| #define HAVE_UINTPTR_T 1
| #define TLS _Thread_local
| #define DEBUG 0
| #define HAVE_PTHREAD_PRIO_INHERIT 1
| #define HAVE_PTHREAD 1
| #define BUILD_USER_RSA /**/
| #define VCS_SYSTEM "none"
| #define VCS_CHECKOUT 0
| /* end confdefs.h.  */
| 
| int
| main ()
| {
| 
|   ;
|   return 0;
| }
configure:23416: result: no
configure:23467: checking whether C compiler accepts --param=ssp-buffer-size=1
configure:23486: gcc -c    -Wno-pragmas -Wall -Wno-strict-aliasing -Wextra -Wunknown-pragmas  -Werror --param=ssp-buffer-size=1  conftest.c >&5
configure:23486: $? = 0
configure:23495: result: yes
configure:23511: : CFLAGS="$CFLAGS"
configure:23514: $? = 0
configure:23544: checking whether C compiler accepts -Waddress
configure:23563: gcc -c    -Wno-pragmas -Wall -Wno-strict-aliasing -Wextra -Wunknown-pragmas --param=ssp-buffer-size=1  -Werror -Waddress  conftest.c >&5
configure:23563: $? = 0
configure:23572: result: yes
configure:23588: : CFLAGS="$CFLAGS"
configure:23591: $? = 0
configure:23619: checking whether C compiler accepts -Warray-bounds
configure:23638: gcc -c    -Wno-pragmas -Wall -Wno-strict-aliasing -Wextra -Wunknown-pragmas --param=ssp-buffer-size=1 -Waddress  -Werror -Warray-bounds  conftest.c >&5
configure:23638: $? = 0
configure:23647: result: yes
configure:23663: : CFLAGS="$CFLAGS"
configure:23666: $? = 0
configure:23694: checking whether C compiler accepts -Wbad-function-cast
configure:23713: gcc -c    -Wno-pragmas -Wall -Wno-strict-aliasing -Wextra -Wunknown-pragmas --param=ssp-buffer-size=1 -Waddress -Warray-bounds  -Werror -Wbad-function-cast  conftest.c >&5
configure:23713: $? = 0
configure:23722: result: yes
configure:23738: : CFLAGS="$CFLAGS"
configure:23741: $? = 0
configure:23769: checking whether C compiler accepts -Wchar-subscripts
configure:23788: gcc -c    -Wno-pragmas -Wall -Wno-strict-aliasing -Wextra -Wunknown-pragmas --param=ssp-buffer-size=1 -Waddress -Warray-bounds -Wbad-function-cast  -Werror -Wchar-subscripts  conftest.c >&5
configure:23788: $? = 0
configure:23797: result: yes
configure:23813: : CFLAGS="$CFLAGS"
configure:23816: $? = 0
configure:23844: checking whether C compiler accepts -Wcomment
configure:23863: gcc -c    -Wno-pragmas -Wall -Wno-strict-aliasing -Wextra -Wunknown-pragmas --param=ssp-buffer-size=1 -Waddress -Warray-bounds -Wbad-function-cast -Wchar-subscripts  -Werror -Wcomment  conftest.c >&5
configure:23863: $? = 0
configure:23872: result: yes
configure:23888: : CFLAGS="$CFLAGS"
configure:23891: $? = 0
configure:23919: checking whether C compiler accepts -Wfloat-equal
configure:23938: gcc -c    -Wno-pragmas -Wall -Wno-strict-aliasing -Wextra -Wunknown-pragmas --param=ssp-buffer-size=1 -Waddress -Warray-bounds -Wbad-function-cast -Wchar-subscripts -Wcomment  -Werror -Wfloat-equal  conftest.c >&5
configure:23938: $? = 0
configure:23947: result: yes
configure:23963: : CFLAGS="$CFLAGS"
configure:23966: $? = 0
configure:23994: checking whether C compiler accepts -Wformat-security
configure:24013: gcc -c    -Wno-pragmas -Wall -Wno-strict-aliasing -Wextra -Wunknown-pragmas --param=ssp-buffer-size=1 -Waddress -Warray-bounds -Wbad-function-cast -Wchar-subscripts -Wcomment -Wfloat-equal  -Werror -Wformat-security  conftest.c >&5
configure:24013: $? = 0
configure:24022: result: yes
configure:24038: : CFLAGS="$CFLAGS"
configure:24041: $? = 0
configure:24069: checking whether C compiler accepts -Wformat=2
configure:24088: gcc -c    -Wno-pragmas -Wall -Wno-strict-aliasing -Wextra -Wunknown-pragmas --param=ssp-buffer-size=1 -Waddress -Warray-bounds -Wbad-function-cast -Wchar-subscripts -Wcomment -Wfloat-equal -Wformat-security  -Werror -Wformat=2  conftest.c >&5
configure:24088: $? = 0
configure:24097: result: yes
configure:24113: : CFLAGS="$CFLAGS"
configure:24116: $? = 0
configure:24144: checking whether C compiler accepts -Wmaybe-uninitialized
configure:24163: gcc -c    -Wno-pragmas -Wall -Wno-strict-aliasing -Wextra -Wunknown-pragmas --param=ssp-buffer-size=1 -Waddress -Warray-bounds -Wbad-function-cast -Wchar-subscripts -Wcomment -Wfloat-equal -Wformat-security -Wformat=2  -Werror -Wmaybe-uninitialized  conftest.c >&5
configure:24163: $? = 0
configure:24172: result: yes
configure:24188: : CFLAGS="$CFLAGS"
configure:24191: $? = 0
configure:24219: checking whether C compiler accepts -Wmissing-field-initializers
configure:24238: gcc -c    -Wno-pragmas -Wall -Wno-strict-aliasing -Wextra -Wunknown-pragmas --param=ssp-buffer-size=1 -Waddress -Warray-bounds -Wbad-function-cast -Wchar-subscripts -Wcomment -Wfloat-equal -Wformat-security -Wformat=2 -Wmaybe-uninitialized  -Werror -Wmissing-field-initializers  conftest.c >&5
configure:24238: $? = 0
configure:24247: result: yes
configure:24263: : CFLAGS="$CFLAGS"
configure:24266: $? = 0
configure:24294: checking whether C compiler accepts -Wmissing-noreturn
configure:24313: gcc -c    -Wno-pragmas -Wall -Wno-strict-aliasing -Wextra -Wunknown-pragmas --param=ssp-buffer-size=1 -Waddress -Warray-bounds -Wbad-function-cast -Wchar-subscripts -Wcomment -Wfloat-equal -Wformat-security -Wformat=2 -Wmaybe-uninitialized -Wmissing-field-initializers  -Werror -Wmissing-noreturn  conftest.c >&5
configure:24313: $? = 0
configure:24322: result: yes
configure:24338: : CFLAGS="$CFLAGS"
configure:24341: $? = 0
configure:24369: checking whether C compiler accepts -Wmissing-prototypes
configure:24388: gcc -c    -Wno-pragmas -Wall -Wno-strict-aliasing -Wextra -Wunknown-pragmas --param=ssp-buffer-size=1 -Waddress -Warray-bounds -Wbad-function-cast -Wchar-subscripts -Wcomment -Wfloat-equal -Wformat-security -Wformat=2 -Wmaybe-uninitialized -Wmissing-field-initializers -Wmissing-noreturn  -Werror -Wmissing-prototypes  conftest.c >&5
configure:24388: $? = 0
configure:24397: result: yes
configure:24413: : CFLAGS="$CFLAGS"
configure:24416: $? = 0
configure:24444: checking whether C compiler accepts -Wnested-externs
configure:24463: gcc -c    -Wno-pragmas -Wall -Wno-strict-aliasing -Wextra -Wunknown-pragmas --param=ssp-buffer-size=1 -Waddress -Warray-bounds -Wbad-function-cast -Wchar-subscripts -Wcomment -Wfloat-equal -Wformat-security -Wformat=2 -Wmaybe-uninitialized -Wmissing-field-initializers -Wmissing-noreturn -Wmissing-prototypes  -Werror -Wnested-externs  conftest.c >&5
configure:24463: $? = 0
configure:24472: result: yes
configure:24488: : CFLAGS="$CFLAGS"
configure:24491: $? = 0
configure:24519: checking whether C compiler accepts -Wnormalized=id
configure:24538: gcc -c    -Wno-pragmas -Wall -Wno-strict-aliasing -Wextra -Wunknown-pragmas --param=ssp-buffer-size=1 -Waddress -Warray-bounds -Wbad-function-cast -Wchar-subscripts -Wcomment -Wfloat-equal -Wformat-security -Wformat=2 -Wmaybe-uninitialized -Wmissing-field-initializers -Wmissing-noreturn -Wmissing-prototypes -Wnested-externs  -Werror -Wnormalized=id  conftest.c >&5
configure:24538: $? = 0
configure:24547: result: yes
configure:24563: : CFLAGS="$CFLAGS"
configure:24566: $? = 0
configure:24594: checking whether C compiler accepts -Woverride-init
configure:24613: gcc -c    -Wno-pragmas -Wall -Wno-strict-aliasing -Wextra -Wunknown-pragmas --param=ssp-buffer-size=1 -Waddress -Warray-bounds -Wbad-function-cast -Wchar-subscripts -Wcomment -Wfloat-equal -Wformat-security -Wformat=2 -Wmaybe-uninitialized -Wmissing-field-initializers -Wmissing-noreturn -Wmissing-prototypes -Wnested-externs -Wnormalized=id  -Werror -Woverride-init  conftest.c >&5
configure:24613: $? = 0
configure:24622: result: yes
configure:24638: : CFLAGS="$CFLAGS"
configure:24641: $? = 0
configure:24669: checking whether C compiler accepts -Wpointer-arith
configure:24688: gcc -c    -Wno-pragmas -Wall -Wno-strict-aliasing -Wextra -Wunknown-pragmas --param=ssp-buffer-size=1 -Waddress -Warray-bounds -Wbad-function-cast -Wchar-subscripts -Wcomment -Wfloat-equal -Wformat-security -Wformat=2 -Wmaybe-uninitialized -Wmissing-field-initializers -Wmissing-noreturn -Wmissing-prototypes -Wnested-externs -Wnormalized=id -Woverride-init  -Werror -Wpointer-arith  conftest.c >&5
configure:24688: $? = 0
configure:24697: result: yes
configure:24713: : CFLAGS="$CFLAGS"
configure:24716: $? = 0
configure:24744: checking whether C compiler accepts -Wpointer-sign
configure:24763: gcc -c    -Wno-pragmas -Wall -Wno-strict-aliasing -Wextra -Wunknown-pragmas --param=ssp-buffer-size=1 -Waddress -Warray-bounds -Wbad-function-cast -Wchar-subscripts -Wcomment -Wfloat-equal -Wformat-security -Wformat=2 -Wmaybe-uninitialized -Wmissing-field-initializers -Wmissing-noreturn -Wmissing-prototypes -Wnested-externs -Wnormalized=id -Woverride-init -Wpointer-arith  -Werror -Wpointer-sign  conftest.c >&5
configure:24763: $? = 0
configure:24772: result: yes
configure:24788: : CFLAGS="$CFLAGS"
configure:24791: $? = 0
configure:24819: checking whether C compiler accepts -Wredundant-decls
configure:24838: gcc -c    -Wno-pragmas -Wall -Wno-strict-aliasing -Wextra -Wunknown-pragmas --param=ssp-buffer-size=1 -Waddress -Warray-bounds -Wbad-function-cast -Wchar-subscripts -Wcomment -Wfloat-equal -Wformat-security -Wformat=2 -Wmaybe-uninitialized -Wmissing-field-initializers -Wmissing-noreturn -Wmissing-prototypes -Wnested-externs -Wnormalized=id -Woverride-init -Wpointer-arith -Wpointer-sign  -Werror -Wredundant-decls  conftest.c >&5
configure:24838: $? = 0
configure:24847: result: yes
configure:24863: : CFLAGS="$CFLAGS"
configure:24866: $? = 0
configure:24894: checking whether C compiler accepts -Wshadow
configure:24913: gcc -c    -Wno-pragmas -Wall -Wno-strict-aliasing -Wextra -Wunknown-pragmas --param=ssp-buffer-size=1 -Waddress -Warray-bounds -Wbad-function-cast -Wchar-subscripts -Wcomment -Wfloat-equal -Wformat-security -Wformat=2 -Wmaybe-uninitialized -Wmissing-field-initializers -Wmissing-noreturn -Wmissing-prototypes -Wnested-externs -Wnormalized=id -Woverride-init -Wpointer-arith -Wpointer-sign -Wredundant-decls  -Werror -Wshadow  conftest.c >&5
configure:24913: $? = 0
configure:24922: result: yes
configure:24938: : CFLAGS="$CFLAGS"
configure:24941: $? = 0
configure:24969: checking whether C compiler accepts -Wshorten-64-to-32
configure:24988: gcc -c    -Wno-pragmas -Wall -Wno-strict-aliasing -Wextra -Wunknown-pragmas --param=ssp-buffer-size=1 -Waddress -Warray-bounds -Wbad-function-cast -Wchar-subscripts -Wcomment -Wfloat-equal -Wformat-security -Wformat=2 -Wmaybe-uninitialized -Wmissing-field-initializers -Wmissing-noreturn -Wmissing-prototypes -Wnested-externs -Wnormalized=id -Woverride-init -Wpointer-arith -Wpointer-sign -Wredundant-decls -Wshadow  -Werror -Wshorten-64-to-32  conftest.c >&5
gcc: error: unrecognized command line option '-Wshorten-64-to-32'
configure:24988: $? = 1
configure: failed program was:
| /* confdefs.h */
| #define PACKAGE_NAME "wolfssl"
| #define PACKAGE_TARNAME "wolfssl"
| #define PACKAGE_VERSION "5.2.0"
| #define PACKAGE_STRING "wolfssl 5.2.0"
| #define PACKAGE_BUGREPORT "https://github.com/wolfssl/wolfssl/issues"
| #define PACKAGE_URL "https://www.wolfssl.com"
| #define STDC_HEADERS 1
| #define HAVE_SYS_TYPES_H 1
| #define HAVE_SYS_STAT_H 1
| #define HAVE_STDLIB_H 1
| #define HAVE_STRING_H 1
| #define HAVE_MEMORY_H 1
| #define HAVE_STRINGS_H 1
| #define HAVE_INTTYPES_H 1
| #define HAVE_STDINT_H 1
| #define HAVE_UNISTD_H 1
| #define HAVE_DLFCN_H 1
| #define LT_OBJDIR ".libs/"
| #define HAVE_VISIBILITY 1
| #define SIZEOF_LONG_LONG 8
| #define SIZEOF_LONG 8
| #define SIZEOF_TIME_T 8
| #define HAVE___UINT128_T 1
| #define HAVE_ARPA_INET_H 1
| #define HAVE_FCNTL_H 1
| #define HAVE_LIMITS_H 1
| #define HAVE_NETDB_H 1
| #define HAVE_NETINET_IN_H 1
| #define HAVE_STDDEF_H 1
| #define HAVE_TIME_H 1
| #define HAVE_SYS_IOCTL_H 1
| #define HAVE_SYS_SOCKET_H 1
| #define HAVE_SYS_TIME_H 1
| #define HAVE_ERRNO_H 1
| #define HAVE_GETHOSTBYNAME 1
| #define HAVE_GETADDRINFO 1
| #define HAVE_GETTIMEOFDAY 1
| #define HAVE_GMTIME_R 1
| #define HAVE_INET_NTOA 1
| #define HAVE_MEMSET 1
| #define HAVE_SOCKET 1
| #define HAVE_STRFTIME 1
| #define HAVE_ATEXIT 1
| #define HAVE_DECL_GETHOSTBYNAME 1
| #define HAVE_DECL_GETADDRINFO 1
| #define HAVE_DECL_GETTIMEOFDAY 1
| #define HAVE_DECL_GMTIME_R 1
| #define HAVE_DECL_INET_NTOA 1
| #define HAVE_DECL_MEMSET 1
| #define HAVE_DECL_SOCKET 1
| #define HAVE_DECL_STRFTIME 1
| #define HAVE_UINTPTR_T 1
| #define TLS _Thread_local
| #define DEBUG 0
| #define HAVE_PTHREAD_PRIO_INHERIT 1
| #define HAVE_PTHREAD 1
| #define BUILD_USER_RSA /**/
| #define VCS_SYSTEM "none"
| #define VCS_CHECKOUT 0
| /* end confdefs.h.  */
| 
| int
| main ()
| {
| 
|   ;
|   return 0;
| }
configure:24997: result: no
configure:25044: checking whether C compiler accepts -Wsign-compare
configure:25063: gcc -c    -Wno-pragmas -Wall -Wno-strict-aliasing -Wextra -Wunknown-pragmas --param=ssp-buffer-size=1 -Waddress -Warray-bounds -Wbad-function-cast -Wchar-subscripts -Wcomment -Wfloat-equal -Wformat-security -Wformat=2 -Wmaybe-uninitialized -Wmissing-field-initializers -Wmissing-noreturn -Wmissing-prototypes -Wnested-externs -Wnormalized=id -Woverride-init -Wpointer-arith -Wpointer-sign -Wredundant-decls -Wshadow  -Werror -Wsign-compare  conftest.c >&5
configure:25063: $? = 0
configure:25072: result: yes
configure:25088: : CFLAGS="$CFLAGS"
configure:25091: $? = 0
configure:25119: checking whether C compiler accepts -Wstrict-overflow=1
configure:25138: gcc -c    -Wno-pragmas -Wall -Wno-strict-aliasing -Wextra -Wunknown-pragmas --param=ssp-buffer-size=1 -Waddress -Warray-bounds -Wbad-function-cast -Wchar-subscripts -Wcomment -Wfloat-equal -Wformat-security -Wformat=2 -Wmaybe-uninitialized -Wmissing-field-initializers -Wmissing-noreturn -Wmissing-prototypes -Wnested-externs -Wnormalized=id -Woverride-init -Wpointer-arith -Wpointer-sign -Wredundant-decls -Wshadow -Wsign-compare  -Werror -Wstrict-overflow=1  conftest.c >&5
configure:25138: $? = 0
configure:25147: result: yes
configure:25163: : CFLAGS="$CFLAGS"
configure:25166: $? = 0
configure:25194: checking whether C compiler accepts -Wstrict-prototypes
configure:25213: gcc -c    -Wno-pragmas -Wall -Wno-strict-aliasing -Wextra -Wunknown-pragmas --param=ssp-buffer-size=1 -Waddress -Warray-bounds -Wbad-function-cast -Wchar-subscripts -Wcomment -Wfloat-equal -Wformat-security -Wformat=2 -Wmaybe-uninitialized -Wmissing-field-initializers -Wmissing-noreturn -Wmissing-prototypes -Wnested-externs -Wnormalized=id -Woverride-init -Wpointer-arith -Wpointer-sign -Wredundant-decls -Wshadow -Wsign-compare -Wstrict-overflow=1  -Werror -Wstrict-prototypes  conftest.c >&5
conftest.c:64:1: error: function declaration isn't a prototype [-Werror=strict-prototypes]
   64 | main ()
      | ^~~~
cc1: all warnings being treated as errors
configure:25213: $? = 1
configure: failed program was:
| /* confdefs.h */
| #define PACKAGE_NAME "wolfssl"
| #define PACKAGE_TARNAME "wolfssl"
| #define PACKAGE_VERSION "5.2.0"
| #define PACKAGE_STRING "wolfssl 5.2.0"
| #define PACKAGE_BUGREPORT "https://github.com/wolfssl/wolfssl/issues"
| #define PACKAGE_URL "https://www.wolfssl.com"
| #define STDC_HEADERS 1
| #define HAVE_SYS_TYPES_H 1
| #define HAVE_SYS_STAT_H 1
| #define HAVE_STDLIB_H 1
| #define HAVE_STRING_H 1
| #define HAVE_MEMORY_H 1
| #define HAVE_STRINGS_H 1
| #define HAVE_INTTYPES_H 1
| #define HAVE_STDINT_H 1
| #define HAVE_UNISTD_H 1
| #define HAVE_DLFCN_H 1
| #define LT_OBJDIR ".libs/"
| #define HAVE_VISIBILITY 1
| #define SIZEOF_LONG_LONG 8
| #define SIZEOF_LONG 8
| #define SIZEOF_TIME_T 8
| #define HAVE___UINT128_T 1
| #define HAVE_ARPA_INET_H 1
| #define HAVE_FCNTL_H 1
| #define HAVE_LIMITS_H 1
| #define HAVE_NETDB_H 1
| #define HAVE_NETINET_IN_H 1
| #define HAVE_STDDEF_H 1
| #define HAVE_TIME_H 1
| #define HAVE_SYS_IOCTL_H 1
| #define HAVE_SYS_SOCKET_H 1
| #define HAVE_SYS_TIME_H 1
| #define HAVE_ERRNO_H 1
| #define HAVE_GETHOSTBYNAME 1
| #define HAVE_GETADDRINFO 1
| #define HAVE_GETTIMEOFDAY 1
| #define HAVE_GMTIME_R 1
| #define HAVE_INET_NTOA 1
| #define HAVE_MEMSET 1
| #define HAVE_SOCKET 1
| #define HAVE_STRFTIME 1
| #define HAVE_ATEXIT 1
| #define HAVE_DECL_GETHOSTBYNAME 1
| #define HAVE_DECL_GETADDRINFO 1
| #define HAVE_DECL_GETTIMEOFDAY 1
| #define HAVE_DECL_GMTIME_R 1
| #define HAVE_DECL_INET_NTOA 1
| #define HAVE_DECL_MEMSET 1
| #define HAVE_DECL_SOCKET 1
| #define HAVE_DECL_STRFTIME 1
| #define HAVE_UINTPTR_T 1
| #define TLS _Thread_local
| #define DEBUG 0
| #define HAVE_PTHREAD_PRIO_INHERIT 1
| #define HAVE_PTHREAD 1
| #define BUILD_USER_RSA /**/
| #define VCS_SYSTEM "none"
| #define VCS_CHECKOUT 0
| /* end confdefs.h.  */
| 
| int
| main ()
| {
| 
|   ;
|   return 0;
| }
configure:25222: result: no
configure:25269: checking whether C compiler accepts -Wswitch-enum
configure:25288: gcc -c    -Wno-pragmas -Wall -Wno-strict-aliasing -Wextra -Wunknown-pragmas --param=ssp-buffer-size=1 -Waddress -Warray-bounds -Wbad-function-cast -Wchar-subscripts -Wcomment -Wfloat-equal -Wformat-security -Wformat=2 -Wmaybe-uninitialized -Wmissing-field-initializers -Wmissing-noreturn -Wmissing-prototypes -Wnested-externs -Wnormalized=id -Woverride-init -Wpointer-arith -Wpointer-sign -Wredundant-decls -Wshadow -Wsign-compare -Wstrict-overflow=1  -Werror -Wswitch-enum  conftest.c >&5
configure:25288: $? = 0
configure:25297: result: yes
configure:25313: : CFLAGS="$CFLAGS"
configure:25316: $? = 0
configure:25344: checking whether C compiler accepts -Wundef
configure:25363: gcc -c    -Wno-pragmas -Wall -Wno-strict-aliasing -Wextra -Wunknown-pragmas --param=ssp-buffer-size=1 -Waddress -Warray-bounds -Wbad-function-cast -Wchar-subscripts -Wcomment -Wfloat-equal -Wformat-security -Wformat=2 -Wmaybe-uninitialized -Wmissing-field-initializers -Wmissing-noreturn -Wmissing-prototypes -Wnested-externs -Wnormalized=id -Woverride-init -Wpointer-arith -Wpointer-sign -Wredundant-decls -Wshadow -Wsign-compare -Wstrict-overflow=1 -Wswitch-enum  -Werror -Wundef  conftest.c >&5
configure:25363: $? = 0
configure:25372: result: yes
configure:25388: : CFLAGS="$CFLAGS"
configure:25391: $? = 0
configure:25419: checking whether C compiler accepts -Wunused
configure:25438: gcc -c    -Wno-pragmas -Wall -Wno-strict-aliasing -Wextra -Wunknown-pragmas --param=ssp-buffer-size=1 -Waddress -Warray-bounds -Wbad-function-cast -Wchar-subscripts -Wcomment -Wfloat-equal -Wformat-security -Wformat=2 -Wmaybe-uninitialized -Wmissing-field-initializers -Wmissing-noreturn -Wmissing-prototypes -Wnested-externs -Wnormalized=id -Woverride-init -Wpointer-arith -Wpointer-sign -Wredundant-decls -Wshadow -Wsign-compare -Wstrict-overflow=1 -Wswitch-enum -Wundef  -Werror -Wunused  conftest.c >&5
configure:25438: $? = 0
configure:25447: result: yes
configure:25463: : CFLAGS="$CFLAGS"
configure:25466: $? = 0
configure:25494: checking whether C compiler accepts -Wunused-result
configure:25513: gcc -c    -Wno-pragmas -Wall -Wno-strict-aliasing -Wextra -Wunknown-pragmas --param=ssp-buffer-size=1 -Waddress -Warray-bounds -Wbad-function-cast -Wchar-subscripts -Wcomment -Wfloat-equal -Wformat-security -Wformat=2 -Wmaybe-uninitialized -Wmissing-field-initializers -Wmissing-noreturn -Wmissing-prototypes -Wnested-externs -Wnormalized=id -Woverride-init -Wpointer-arith -Wpointer-sign -Wredundant-decls -Wshadow -Wsign-compare -Wstrict-overflow=1 -Wswitch-enum -Wundef -Wunused  -Werror -Wunused-result  conftest.c >&5
configure:25513: $? = 0
configure:25522: result: yes
configure:25538: : CFLAGS="$CFLAGS"
configure:25541: $? = 0
configure:25569: checking whether C compiler accepts -Wunused-variable
configure:25588: gcc -c    -Wno-pragmas -Wall -Wno-strict-aliasing -Wextra -Wunknown-pragmas --param=ssp-buffer-size=1 -Waddress -Warray-bounds -Wbad-function-cast -Wchar-subscripts -Wcomment -Wfloat-equal -Wformat-security -Wformat=2 -Wmaybe-uninitialized -Wmissing-field-initializers -Wmissing-noreturn -Wmissing-prototypes -Wnested-externs -Wnormalized=id -Woverride-init -Wpointer-arith -Wpointer-sign -Wredundant-decls -Wshadow -Wsign-compare -Wstrict-overflow=1 -Wswitch-enum -Wundef -Wunused -Wunused-result  -Werror -Wunused-variable  conftest.c >&5
configure:25588: $? = 0
configure:25597: result: yes
configure:25613: : CFLAGS="$CFLAGS"
configure:25616: $? = 0
configure:25644: checking whether C compiler accepts -Wwrite-strings
configure:25663: gcc -c    -Wno-pragmas -Wall -Wno-strict-aliasing -Wextra -Wunknown-pragmas --param=ssp-buffer-size=1 -Waddress -Warray-bounds -Wbad-function-cast -Wchar-subscripts -Wcomment -Wfloat-equal -Wformat-security -Wformat=2 -Wmaybe-uninitialized -Wmissing-field-initializers -Wmissing-noreturn -Wmissing-prototypes -Wnested-externs -Wnormalized=id -Woverride-init -Wpointer-arith -Wpointer-sign -Wredundant-decls -Wshadow -Wsign-compare -Wstrict-overflow=1 -Wswitch-enum -Wundef -Wunused -Wunused-result -Wunused-variable  -Werror -Wwrite-strings  conftest.c >&5
configure:25663: $? = 0
configure:25672: result: yes
configure:25688: : CFLAGS="$CFLAGS"
configure:25691: $? = 0
configure:25719: checking whether C compiler accepts -fwrapv
configure:25738: gcc -c    -Wno-pragmas -Wall -Wno-strict-aliasing -Wextra -Wunknown-pragmas --param=ssp-buffer-size=1 -Waddress -Warray-bounds -Wbad-function-cast -Wchar-subscripts -Wcomment -Wfloat-equal -Wformat-security -Wformat=2 -Wmaybe-uninitialized -Wmissing-field-initializers -Wmissing-noreturn -Wmissing-prototypes -Wnested-externs -Wnormalized=id -Woverride-init -Wpointer-arith -Wpointer-sign -Wredundant-decls -Wshadow -Wsign-compare -Wstrict-overflow=1 -Wswitch-enum -Wundef -Wunused -Wunused-result -Wunused-variable -Wwrite-strings  -Werror -fwrapv  conftest.c >&5
configure:25738: $? = 0
configure:25747: result: yes
configure:25763: : CFLAGS="$CFLAGS"
configure:25766: $? = 0
configure:29456: result: creating wolfssl-config - generic 5.2.0 for -lwolfssl -lpthread
configure:29581: checking the number of available CPUs
configure:29664: result: 12
configure:29681: adding automake macro support
configure:29685: creating aminclude.am
configure:29716: added jobserver support to make for 13 jobs
configure:29853: checking that generated files are newer than configure
configure:29859: result: done
configure:30451: creating ./config.status

## ---------------------- ##
## Running config.status. ##
## ---------------------- ##

This file was extended by wolfssl config.status 5.2.0, which was
generated by GNU Autoconf 2.69.  Invocation command line was

  CONFIG_FILES    = 
  CONFIG_HEADERS  = 
  CONFIG_LINKS    = 
  CONFIG_COMMANDS = 
  $ ./config.status 

on DESKTOP-9JAMM8K

config.status:1482: creating stamp-h
config.status:1482: creating Makefile
config.status:1482: creating wolfssl/version.h
config.status:1482: creating wolfssl/options.h
config.status:1482: creating cyassl/options.h
config.status:1482: creating support/wolfssl.pc
config.status:1482: creating rpm/spec
config.status:1482: creating wolfcrypt/test/test_paths.h
config.status:1482: creating scripts/unit.test
config.status:1482: creating config.h
config.status:1663: config.h is unchanged
config.status:1711: executing depfiles commands
config.status:1788: cd .       && sed -e '/# am--include-marker/d' Makefile         | make -f - am--depfiles
make: Nothing to be done for 'am--depfiles'.
config.status:1793: $? = 0
config.status:1711: executing libtool commands
config.status:1711: executing wolfssl/wolfcrypt/async.h commands
config.status:1711: executing wolfssl/wolfcrypt/fips.h commands
config.status:1711: executing wolfssl/wolfcrypt/port/cavium/cavium_nitrox.h commands
config.status:1711: executing wolfssl/wolfcrypt/port/intel/quickassist.h commands
config.status:1711: executing wolfssl/wolfcrypt/port/intel/quickassist_mem.h commands
configure:32623: ---
configure:32625: Running make clean...
configure:32641: ---
configure:32643: Generating user options header...

## ---------------- ##
## Cache variables. ##
## ---------------- ##

ac_cv_build=x86_64-pc-linux-gnu
ac_cv_c_bigendian=no
ac_cv_c_compiler_gnu=yes
ac_cv_c_uint8_t=yes
ac_cv_env_CCASFLAGS_set=
ac_cv_env_CCASFLAGS_value=
ac_cv_env_CCAS_set=
ac_cv_env_CCAS_value=
ac_cv_env_CC_set=
ac_cv_env_CC_value=
ac_cv_env_CFLAGS_set=
ac_cv_env_CFLAGS_value=
ac_cv_env_CPPFLAGS_set=
ac_cv_env_CPPFLAGS_value=
ac_cv_env_CPP_set=
ac_cv_env_CPP_value=
ac_cv_env_EXTRA_CFLAGS_set=
ac_cv_env_EXTRA_CFLAGS_value=
ac_cv_env_LDFLAGS_set=
ac_cv_env_LDFLAGS_value=
ac_cv_env_LIBS_set=
ac_cv_env_LIBS_value=
ac_cv_env_LT_SYS_LIBRARY_PATH_set=
ac_cv_env_LT_SYS_LIBRARY_PATH_value=
ac_cv_env_build_alias_set=
ac_cv_env_build_alias_value=
ac_cv_env_host_alias_set=
ac_cv_env_host_alias_value=
ac_cv_env_target_alias_set=
ac_cv_env_target_alias_value=
ac_cv_func_atexit=yes
ac_cv_func_getaddrinfo=yes
ac_cv_func_gethostbyname=yes
ac_cv_func_gettimeofday=yes
ac_cv_func_gmtime_r=yes
ac_cv_func_inet_ntoa=yes
ac_cv_func_memset=yes
ac_cv_func_socket=yes
ac_cv_func_strftime=yes
ac_cv_have_decl_getaddrinfo=yes
ac_cv_have_decl_gethostbyname=yes
ac_cv_have_decl_gettimeofday=yes
ac_cv_have_decl_gmtime_r=yes
ac_cv_have_decl_inet_ntoa=yes
ac_cv_have_decl_memset=yes
ac_cv_have_decl_socket=yes
ac_cv_have_decl_strftime=yes
ac_cv_header_arpa_inet_h=yes
ac_cv_header_dlfcn_h=yes
ac_cv_header_errno_h=yes
ac_cv_header_fcntl_h=yes
ac_cv_header_inttypes_h=yes
ac_cv_header_limits_h=yes
ac_cv_header_memory_h=yes
ac_cv_header_netdb_h=yes
ac_cv_header_netinet_in_h=yes
ac_cv_header_stdc=yes
ac_cv_header_stddef_h=yes
ac_cv_header_stdint_h=yes
ac_cv_header_stdlib_h=yes
ac_cv_header_string_h=yes
ac_cv_header_strings_h=yes
ac_cv_header_sys_ioctl_h=yes
ac_cv_header_sys_socket_h=yes
ac_cv_header_sys_stat_h=yes
ac_cv_header_sys_time_h=yes
ac_cv_header_sys_types_h=yes
ac_cv_header_time_h=yes
ac_cv_header_unistd_h=yes
ac_cv_host=x86_64-pc-linux-gnu
ac_cv_lib_m_cos=yes
ac_cv_lib_network_socket=no
ac_cv_objext=o
ac_cv_path_EGREP='/usr/bin/grep -E'
ac_cv_path_FGREP='/usr/bin/grep -F'
ac_cv_path_GREP=/usr/bin/grep
ac_cv_path_SED=/usr/bin/sed
ac_cv_path_install='/usr/bin/install -c'
ac_cv_path_lt_DD=/usr/bin/dd
ac_cv_path_mkdir=/usr/bin/mkdir
ac_cv_prog_AWK=gawk
ac_cv_prog_CPP='gcc -E'
ac_cv_prog_ac_ct_AR=ar
ac_cv_prog_ac_ct_CC=gcc
ac_cv_prog_ac_ct_MANIFEST_TOOL=mt
ac_cv_prog_ac_ct_OBJDUMP=objdump
ac_cv_prog_ac_ct_RANLIB=ranlib
ac_cv_prog_ac_ct_STRIP=strip
ac_cv_prog_cc_c89=
ac_cv_prog_cc_g=yes
ac_cv_prog_make_make_set=yes
ac_cv_search_gethostbyname='none required'
ac_cv_search_socket='none required'
ac_cv_sizeof_long=8
ac_cv_sizeof_long_long=8
ac_cv_sizeof_time_t=8
ac_cv_target=x86_64-pc-linux-gnu
ac_cv_tls=_Thread_local
ac_cv_type___uint128_t=yes
ac_cv_type_size_t=yes
ac_cv_type_uintptr_t=yes
ac_cv_vcs_checkout=no
ac_cv_vcs_system=none
ac_cv_warnings_as_errors=no
am_cv_CCAS_dependencies_compiler_type=gcc3
am_cv_CC_dependencies_compiler_type=gcc3
am_cv_make_support_nested_variables=yes
am_cv_prog_cc_c_o=yes
am_cv_prog_tar_ustar=gnutar
ax_cv_PTHREAD_CLANG=no
ax_cv_PTHREAD_JOINABLE_ATTR=PTHREAD_CREATE_JOINABLE
ax_cv_PTHREAD_PRIO_INHERIT=yes
ax_cv_PTHREAD_SPECIAL_FLAGS=no
ax_cv_check_cflags__Waddress=yes
ax_cv_check_cflags__Wall=yes
ax_cv_check_cflags__Warray_bounds=yes
ax_cv_check_cflags__Wbad_function_cast=yes
ax_cv_check_cflags__Wchar_subscripts=yes
ax_cv_check_cflags__Wcomment=yes
ax_cv_check_cflags__Wextra=yes
ax_cv_check_cflags__Wfloat_equal=yes
ax_cv_check_cflags__Wformat_2=yes
ax_cv_check_cflags__Wformat_security=yes
ax_cv_check_cflags__Wmaybe_uninitialized=yes
ax_cv_check_cflags__Wmissing_field_initializers=yes
ax_cv_check_cflags__Wmissing_noreturn=yes
ax_cv_check_cflags__Wmissing_prototypes=yes
ax_cv_check_cflags__Wnested_externs=yes
ax_cv_check_cflags__Wno_pragmas=yes
ax_cv_check_cflags__Wno_strict_aliasing=yes
ax_cv_check_cflags__Wnormalized_id=yes
ax_cv_check_cflags__Woverride_init=yes
ax_cv_check_cflags__Wpointer_arith=yes
ax_cv_check_cflags__Wpointer_sign=yes
ax_cv_check_cflags__Wredundant_decls=yes
ax_cv_check_cflags__Wshadow=yes
ax_cv_check_cflags__Wshorten_64_to_32=no
ax_cv_check_cflags__Wsign_compare=yes
ax_cv_check_cflags__Wstrict_overflow_1=yes
ax_cv_check_cflags__Wstrict_prototypes=no
ax_cv_check_cflags__Wswitch_enum=yes
ax_cv_check_cflags__Wthis_test_should_fail=no
ax_cv_check_cflags__Wundef=yes
ax_cv_check_cflags__Wunknown_pragmas=yes
ax_cv_check_cflags__Wunused=yes
ax_cv_check_cflags__Wunused_result=yes
ax_cv_check_cflags__Wunused_variable=yes
ax_cv_check_cflags__Wwrite_strings=yes
ax_cv_check_cflags___Werror=yes
ax_cv_check_cflags___param_ssp_buffer_size_1=yes
ax_cv_check_cflags__fwrapv=yes
ax_cv_check_ldflags___Werror=yes
ax_cv_check_ldflags__pie=yes
ax_cv_check_ldflags__z_relro__z_now=yes
gl_cv_cc_vis_werror=yes
gl_cv_cc_visibility=yes
lt_cv_ar_at_file=@
lt_cv_archive_cmds_need_lc=no
lt_cv_deplibs_check_method=pass_all
lt_cv_file_magic_cmd='$MAGIC_CMD'
lt_cv_file_magic_test_file=
lt_cv_ld_reload_flag=-r
lt_cv_nm_interface='BSD nm'
lt_cv_objdir=.libs
lt_cv_path_LD=/usr/bin/ld
lt_cv_path_NM='/usr/bin/nm -B'
lt_cv_path_mainfest_tool=no
lt_cv_prog_compiler_c_o=yes
lt_cv_prog_compiler_pic='-fPIC -DPIC'
lt_cv_prog_compiler_pic_works=yes
lt_cv_prog_compiler_rtti_exceptions=no
lt_cv_prog_compiler_static_works=yes
lt_cv_prog_gnu_ld=yes
lt_cv_sharedlib_from_linklib_cmd='printf %s\n'
lt_cv_shlibpath_overrides_runpath=yes
lt_cv_sys_global_symbol_pipe='sed -n -e '\''s/^.*[	 ]\([ABCDGIRSTW][ABCDGIRSTW]*\)[	 ][	 ]*\([_A-Za-z][_A-Za-z0-9]*\)$/\1 \2 \2/p'\'' | sed '\''/ __gnu_lto/d'\'''
lt_cv_sys_global_symbol_to_c_name_address='sed -n -e '\''s/^: \(.*\) .*$/  {"\1", (void *) 0},/p'\'' -e '\''s/^[ABCDGIRSTW][ABCDGIRSTW]* .* \(.*\)$/  {"\1", (void *) \&\1},/p'\'''
lt_cv_sys_global_symbol_to_c_name_address_lib_prefix='sed -n -e '\''s/^: \(.*\) .*$/  {"\1", (void *) 0},/p'\'' -e '\''s/^[ABCDGIRSTW][ABCDGIRSTW]* .* \(lib.*\)$/  {"\1", (void *) \&\1},/p'\'' -e '\''s/^[ABCDGIRSTW][ABCDGIRSTW]* .* \(.*\)$/  {"lib\1", (void *) \&\1},/p'\'''
lt_cv_sys_global_symbol_to_cdecl='sed -n -e '\''s/^T .* \(.*\)$/extern int \1();/p'\'' -e '\''s/^[ABCDGIRSTW][ABCDGIRSTW]* .* \(.*\)$/extern char \1;/p'\'''
lt_cv_sys_global_symbol_to_import=
lt_cv_sys_max_cmd_len=1572864
lt_cv_to_host_file_cmd=func_convert_file_noop
lt_cv_to_tool_file_cmd=func_convert_file_noop
lt_cv_truncate_bin='/usr/bin/dd bs=4096 count=1'

## ----------------- ##
## Output variables. ##
## ----------------- ##

ACLOCAL='${SHELL} /home/biang/projects/cproj2/wolfssl-5.2.0/build-aux/missing aclocal-1.16'
AMDEPBACKSLASH='\'
AMDEP_FALSE='#'
AMDEP_TRUE=''
AMINCLUDE='aminclude.am'
AMTAR='$${TAR-tar}'
AM_BACKSLASH='\'
AM_CCASFLAGS=' -DNDEBUG'
AM_CFLAGS=' -fvisibility=hidden -DHAVE_THREAD_LS -DNDEBUG -DNO_DO178 -D_POSIX_THREADS -pthread -DTFM_TIMING_RESISTANT -DECC_TIMING_RESISTANT -DWC_RSA_BLINDING -DWOLFSSL_USE_ALIGN -DWOLFSSL_SHA224 -DWOLFSSL_SHA512 -DWOLFSSL_SHA384 -DHAVE_HKDF -DNO_DSA -DHAVE_ECC -DTFM_ECC256 -DECC_SHAMIR -DWC_RSA_PSS -DWOLFSSL_BASE64_ENCODE -DWOLFSSL_SHA3 -DHAVE_POLY1305 -DHAVE_ONE_TIME_AUTH -DHAVE_CHACHA -DHAVE_HASHDRBG -DHAVE_TLS_EXTENSIONS -DHAVE_SUPPORTED_CURVES -DHAVE_FFDHE_2048 -DHAVE_SUPPORTED_CURVES -DWOLFSSL_TLS13 -DHAVE_TLS_EXTENSIONS -DHAVE_EXTENDED_MASTER -DNO_RC4 -DHAVE_ENCRYPT_THEN_MAC -DNO_PSK -DNO_MD4 -DWOLFSSL_ENCRYPTED_KEYS -DUSE_FAST_MATH -DWOLFSSL_X86_64_BUILD -DWC_NO_ASYNC_THREADING -DHAVE_DH_DEFAULT_PARAMS -DOPENSSL_EXTRA -DWOLFSSL_ALWAYS_VERIFY_CB -DWOLFSSL_VERIFY_CB_ALL_CERTS -DWOLFSSL_EXTRA_ALERTS -DHAVE_EXT_CACHE -DWOLFSSL_FORCE_CACHE_ON_TICKET -DWOLFSSL_AKID_NAME -DHAVE_CTS -DGCM_TABLE_4BIT -DHAVE_AESGCM -DHAVE_TLS_EXTENSIONS -DHAVE_SERVER_RENEGOTIATION_INFO -Wall -Wno-unused -O2 -DHAVE___UINT128_T=1 -DHAVE_WC_INTROSPECTION -include ./.build_params'
AM_CPPFLAGS=''
AM_DEFAULT_V='$(AM_DEFAULT_VERBOSITY)'
AM_DEFAULT_VERBOSITY='0'
AM_LDFLAGS=''
AM_V='$(V)'
AR='ar'
AS='as'
ASFLAGS_FPUSIMD_DISABLE=''
ASFLAGS_FPUSIMD_ENABLE=''
ASFLAGS_FPU_DISABLE_SIMD_ENABLE=''
ASFLAGS_FPU_ENABLE_SIMD_DISABLE=''
AUTOCONF='${SHELL} /home/biang/projects/cproj2/wolfssl-5.2.0/build-aux/missing autoconf'
AUTOHEADER='${SHELL} /home/biang/projects/cproj2/wolfssl-5.2.0/build-aux/missing autoheader'
AUTOMAKE='${SHELL} /home/biang/projects/cproj2/wolfssl-5.2.0/build-aux/missing automake-1.16'
AWK='gawk'
BUILD_AESCCM_FALSE=''
BUILD_AESCCM_TRUE='#'
BUILD_AESGCM_FALSE='#'
BUILD_AESGCM_TRUE=''
BUILD_AESNI_FALSE=''
BUILD_AESNI_TRUE='#'
BUILD_AES_FALSE='#'
BUILD_AES_TRUE=''
BUILD_AFALG_FALSE=''
BUILD_AFALG_TRUE='#'
BUILD_ALL_FALSE=''
BUILD_ALL_TRUE='#'
BUILD_ARMASM_FALSE=''
BUILD_ARMASM_INLINE_FALSE=''
BUILD_ARMASM_INLINE_TRUE='#'
BUILD_ARMASM_TRUE='#'
BUILD_ASN_FALSE='#'
BUILD_ASN_TRUE=''
BUILD_ASYNCCRYPT_FALSE=''
BUILD_ASYNCCRYPT_TRUE='#'
BUILD_BENCHMARK_FALSE='#'
BUILD_BENCHMARK_TRUE=''
BUILD_BLAKE2S_FALSE=''
BUILD_BLAKE2S_TRUE='#'
BUILD_BLAKE2_FALSE=''
BUILD_BLAKE2_TRUE='#'
BUILD_CAAM_FALSE=''
BUILD_CAAM_TRUE='#'
BUILD_CAMELLIA_FALSE=''
BUILD_CAMELLIA_TRUE='#'
BUILD_CAVIUM_FALSE=''
BUILD_CAVIUM_TRUE='#'
BUILD_CAVIUM_V_FALSE=''
BUILD_CAVIUM_V_TRUE='#'
BUILD_CHACHA_FALSE='#'
BUILD_CHACHA_TRUE=''
BUILD_CMAC_FALSE=''
BUILD_CMAC_TRUE='#'
BUILD_CODING_FALSE='#'
BUILD_CODING_TRUE=''
BUILD_CRL_FALSE=''
BUILD_CRL_MONITOR_FALSE=''
BUILD_CRL_MONITOR_TRUE='#'
BUILD_CRL_TRUE='#'
BUILD_CRYPTOAUTHLIB_FALSE=''
BUILD_CRYPTOAUTHLIB_TRUE='#'
BUILD_CRYPTOCB_FALSE=''
BUILD_CRYPTOCB_TRUE='#'
BUILD_CRYPTONLY_FALSE=''
BUILD_CRYPTONLY_TRUE='#'
BUILD_CURVE25519_FALSE=''
BUILD_CURVE25519_SMALL_FALSE=''
BUILD_CURVE25519_SMALL_TRUE='#'
BUILD_CURVE25519_TRUE='#'
BUILD_CURVE448_FALSE=''
BUILD_CURVE448_SMALL_FALSE=''
BUILD_CURVE448_SMALL_TRUE='#'
BUILD_CURVE448_TRUE='#'
BUILD_DES3_FALSE='#'
BUILD_DES3_TRUE=''
BUILD_DEVCRYPTO_FALSE=''
BUILD_DEVCRYPTO_TRUE='#'
BUILD_DH_FALSE='#'
BUILD_DH_TRUE=''
BUILD_DISTRO_FALSE=''
BUILD_DISTRO_TRUE='#'
BUILD_DO178_FALSE=''
BUILD_DO178_TRUE='#'
BUILD_DSA_FALSE=''
BUILD_DSA_TRUE='#'
BUILD_ECCSI_FALSE=''
BUILD_ECCSI_TRUE='#'
BUILD_ECC_FALSE='#'
BUILD_ECC_TRUE=''
BUILD_ED25519_FALSE=''
BUILD_ED25519_SMALL_FALSE=''
BUILD_ED25519_SMALL_TRUE='#'
BUILD_ED25519_TRUE='#'
BUILD_ED448_FALSE=''
BUILD_ED448_SMALL_FALSE=''
BUILD_ED448_SMALL_TRUE='#'
BUILD_ED448_TRUE='#'
BUILD_ERROR_STRINGS_FALSE='#'
BUILD_ERROR_STRINGS_TRUE=''
BUILD_EXAMPLE_CLIENTS_FALSE='#'
BUILD_EXAMPLE_CLIENTS_TRUE=''
BUILD_EXAMPLE_SERVERS_FALSE='#'
BUILD_EXAMPLE_SERVERS_TRUE=''
BUILD_FASTMATH_FALSE='#'
BUILD_FASTMATH_TRUE=''
BUILD_FAST_RSA_FALSE=''
BUILD_FAST_RSA_TRUE='#'
BUILD_FE448_FALSE=''
BUILD_FE448_TRUE='#'
BUILD_FEMATH_FALSE=''
BUILD_FEMATH_TRUE='#'
BUILD_FIPS_CURRENT_FALSE=''
BUILD_FIPS_CURRENT_TRUE='#'
BUILD_FIPS_FALSE=''
BUILD_FIPS_RAND_FALSE=''
BUILD_FIPS_RAND_TRUE='#'
BUILD_FIPS_TRUE='#'
BUILD_FIPS_V1_FALSE=''
BUILD_FIPS_V1_TRUE='#'
BUILD_FIPS_V2_FALSE=''
BUILD_FIPS_V2_TRUE='#'
BUILD_FIPS_V3_FALSE=''
BUILD_FIPS_V3_TRUE='#'
BUILD_FIPS_V5_FALSE=''
BUILD_FIPS_V5_TRUE='#'
BUILD_GE448_FALSE=''
BUILD_GE448_TRUE='#'
BUILD_GEMATH_FALSE=''
BUILD_GEMATH_TRUE='#'
BUILD_HASHFLAGS_FALSE=''
BUILD_HASHFLAGS_TRUE='#'
BUILD_HMAC_FALSE='#'
BUILD_HMAC_TRUE=''
BUILD_INLINE_FALSE='#'
BUILD_INLINE_TRUE=''
BUILD_INTELASM_FALSE=''
BUILD_INTELASM_TRUE='#'
BUILD_INTEL_QA_FALSE=''
BUILD_INTEL_QA_SYNC_FALSE=''
BUILD_INTEL_QA_SYNC_TRUE='#'
BUILD_INTEL_QA_TRUE='#'
BUILD_IOTSAFE_FALSE=''
BUILD_IOTSAFE_HWRNG_FALSE=''
BUILD_IOTSAFE_HWRNG_TRUE='#'
BUILD_IOTSAFE_TRUE='#'
BUILD_IPV6_FALSE=''
BUILD_IPV6_TRUE='#'
BUILD_KCAPI_FALSE=''
BUILD_KCAPI_TRUE='#'
BUILD_KDF_FALSE='#'
BUILD_KDF_TRUE=''
BUILD_LEANPSK_FALSE=''
BUILD_LEANPSK_TRUE='#'
BUILD_LEANTLS_FALSE=''
BUILD_LEANTLS_TRUE='#'
BUILD_LIBOQS_FALSE=''
BUILD_LIBOQS_TRUE='#'
BUILD_LIBZ_FALSE=''
BUILD_LIBZ_TRUE='#'
BUILD_LINUXKM_FALSE=''
BUILD_LINUXKM_TRUE='#'
BUILD_LOWMEM_FALSE=''
BUILD_LOWMEM_TRUE='#'
BUILD_MCAPI_FALSE=''
BUILD_MCAPI_TRUE='#'
BUILD_MCAST_FALSE=''
BUILD_MCAST_TRUE='#'
BUILD_MD2_FALSE=''
BUILD_MD2_TRUE='#'
BUILD_MD4_FALSE=''
BUILD_MD4_TRUE='#'
BUILD_MD5_FALSE='#'
BUILD_MD5_TRUE=''
BUILD_MEMORY_FALSE='#'
BUILD_MEMORY_TRUE=''
BUILD_NO_LIBRARY_FALSE=''
BUILD_NO_LIBRARY_TRUE='#'
BUILD_OCSP_FALSE=''
BUILD_OCSP_STAPLING_FALSE=''
BUILD_OCSP_STAPLING_TRUE='#'
BUILD_OCSP_STAPLING_V2_FALSE=''
BUILD_OCSP_STAPLING_V2_TRUE='#'
BUILD_OCSP_TRUE='#'
BUILD_OCTEON_SYNC_FALSE=''
BUILD_OCTEON_SYNC_TRUE='#'
BUILD_PKCALLBACKS_FALSE=''
BUILD_PKCALLBACKS_TRUE='#'
BUILD_PKCS11_FALSE=''
BUILD_PKCS11_TRUE='#'
BUILD_PKCS12_FALSE='#'
BUILD_PKCS12_TRUE=''
BUILD_PKCS7_FALSE=''
BUILD_PKCS7_TRUE='#'
BUILD_PKCS8_FALSE='#'
BUILD_PKCS8_TRUE=''
BUILD_PKI_FALSE='#'
BUILD_PKI_TRUE=''
BUILD_POLY1305_FALSE='#'
BUILD_POLY1305_TRUE=''
BUILD_PSA_FALSE=''
BUILD_PSA_TRUE='#'
BUILD_PSK_FALSE=''
BUILD_PSK_TRUE='#'
BUILD_PWDBASED_FALSE='#'
BUILD_PWDBASED_TRUE=''
BUILD_QNXCAAM_FALSE=''
BUILD_QNXCAAM_TRUE='#'
BUILD_RC2_FALSE=''
BUILD_RC2_TRUE='#'
BUILD_RC4_FALSE=''
BUILD_RC4_TRUE='#'
BUILD_RIPEMD_FALSE=''
BUILD_RIPEMD_TRUE='#'
BUILD_RNG_FALSE='#'
BUILD_RNG_TRUE=''
BUILD_RSA_FALSE='#'
BUILD_RSA_TRUE=''
BUILD_SAKKE_FALSE=''
BUILD_SAKKE_TRUE='#'
BUILD_SCRYPT_FALSE=''
BUILD_SCRYPT_TRUE='#'
BUILD_SCTP_FALSE=''
BUILD_SCTP_TRUE='#'
BUILD_SE050_FALSE=''
BUILD_SE050_TRUE='#'
BUILD_SELFTEST_FALSE=''
BUILD_SELFTEST_TRUE='#'
BUILD_SHA224_FALSE='#'
BUILD_SHA224_TRUE=''
BUILD_SHA3_FALSE='#'
BUILD_SHA3_TRUE=''
BUILD_SHA512_FALSE='#'
BUILD_SHA512_TRUE=''
BUILD_SHA_FALSE='#'
BUILD_SHA_TRUE=''
BUILD_SIPHASH_FALSE=''
BUILD_SIPHASH_TRUE='#'
BUILD_SLOWMATH_FALSE=''
BUILD_SLOWMATH_TRUE='#'
BUILD_SMIME_FALSE=''
BUILD_SMIME_TRUE='#'
BUILD_SNIFFER_FALSE=''
BUILD_SNIFFER_TRUE='#'
BUILD_SNIFFTEST_FALSE=''
BUILD_SNIFFTEST_TRUE='#'
BUILD_SP_ARM32_FALSE=''
BUILD_SP_ARM32_TRUE='#'
BUILD_SP_ARM64_FALSE=''
BUILD_SP_ARM64_TRUE='#'
BUILD_SP_ARM_CORTEX_FALSE=''
BUILD_SP_ARM_CORTEX_TRUE='#'
BUILD_SP_ARM_THUMB_FALSE=''
BUILD_SP_ARM_THUMB_TRUE='#'
BUILD_SP_C32_FALSE=''
BUILD_SP_C32_TRUE='#'
BUILD_SP_C64_FALSE=''
BUILD_SP_C64_TRUE='#'
BUILD_SP_FALSE=''
BUILD_SP_INT_FALSE=''
BUILD_SP_INT_TRUE='#'
BUILD_SP_TRUE='#'
BUILD_SP_X86_64_FALSE=''
BUILD_SP_X86_64_TRUE='#'
BUILD_SRP_FALSE=''
BUILD_SRP_TRUE='#'
BUILD_SRTP_FALSE=''
BUILD_SRTP_TRUE='#'
BUILD_TESTS_FALSE='#'
BUILD_TESTS_TRUE=''
BUILD_THREADED_EXAMPLES_FALSE='#'
BUILD_THREADED_EXAMPLES_TRUE=''
BUILD_TLS13_FALSE='#'
BUILD_TLS13_TRUE=''
BUILD_TRUST_PEER_CERT_FALSE=''
BUILD_TRUST_PEER_CERT_TRUE='#'
BUILD_USER_CRYPTO_FALSE=''
BUILD_USER_CRYPTO_TRUE='#'
BUILD_USER_RSA_FALSE=''
BUILD_USER_RSA_TRUE='#'
BUILD_WNR_FALSE=''
BUILD_WNR_TRUE='#'
BUILD_WOLFCRYPT_TESTS_FALSE='#'
BUILD_WOLFCRYPT_TESTS_LIBS_FALSE=''
BUILD_WOLFCRYPT_TESTS_LIBS_TRUE='#'
BUILD_WOLFCRYPT_TESTS_TRUE=''
BUILD_WOLFEVENT_FALSE=''
BUILD_WOLFEVENT_TRUE='#'
BUILD_XCHACHA_FALSE=''
BUILD_XCHACHA_TRUE='#'
BUILD_XILINX_FALSE=''
BUILD_XILINX_TRUE='#'
CC='gcc'
CCAS='gcc'
CCASDEPMODE='depmode=gcc3'
CCASFLAGS='  '
CCDEPMODE='depmode=gcc3'
CFLAGS='   -Wno-pragmas -Wall -Wno-strict-aliasing -Wextra -Wunknown-pragmas --param=ssp-buffer-size=1 -Waddress -Warray-bounds -Wbad-function-cast -Wchar-subscripts -Wcomment -Wfloat-equal -Wformat-security -Wformat=2 -Wmaybe-uninitialized -Wmissing-field-initializers -Wmissing-noreturn -Wmissing-prototypes -Wnested-externs -Wnormalized=id -Woverride-init -Wpointer-arith -Wpointer-sign -Wredundant-decls -Wshadow -Wsign-compare -Wstrict-overflow=1 -Wswitch-enum -Wundef -Wunused -Wunused-result -Wunused-variable -Wwrite-strings -fwrapv'
CFLAGS_AUTO_VECTORIZE_DISABLE=''
CFLAGS_AUTO_VECTORIZE_ENABLE=''
CFLAGS_FPU_DISABLE=''
CFLAGS_FPU_ENABLE=''
CFLAGS_SIMD_DISABLE=''
CFLAGS_SIMD_ENABLE=''
CFLAG_VISIBILITY='-fvisibility=hidden'
CPP='gcc -E'
CPPFLAGS=''
CYGPATH_W='echo'
DEBUG_FALSE=''
DEBUG_TRUE='#'
DEFS='-DHAVE_CONFIG_H'
DEPDIR='.deps'
DLLTOOL='false'
DSYMUTIL=''
DUMPBIN=''
ECHO_C=''
ECHO_N='-n'
ECHO_T=''
EGREP='/usr/bin/grep -E'
ENABLED_ASM='yes'
ENABLED_CRYPT_TESTS='yes'
ENABLED_LINUXKM_PIE='no'
EXEEXT=''
EXTRA_CFLAGS=''
FGREP='/usr/bin/grep -F'
GENERIC_CONFIG='wolfssl-config'
GREP='/usr/bin/grep'
HAVE_OPENSSL_CMD=''
HAVE_VALGRIND=''
HAVE_VISIBILITY='1'
HEX_VERSION='0x05002000'
INC_AMINCLUDE='include $(top_builddir)/aminclude.am'
INSTALL_DATA='${INSTALL} -m 644'
INSTALL_PROGRAM='${INSTALL}'
INSTALL_SCRIPT='${INSTALL}'
INSTALL_STRIP_PROGRAM='$(install_sh) -c -s'
IPPHEADERS=''
IPPLIBS=''
IPPLINK=''
IS_VCS_CHECKOUT_FALSE=''
IS_VCS_CHECKOUT_TRUE='#'
KERNEL_ARCH=''
KERNEL_ROOT=''
LD='/usr/bin/ld -m elf_x86_64'
LDFLAGS=''
LIBM='-lm'
LIBOBJS=''
LIBS=' -lpthread'
LIBTOOL='$(SHELL) $(top_builddir)/libtool'
LIB_ADD=''
LIB_STATIC_ADD=''
LIPO=''
LN_S='ln -s'
LTLIBOBJS=''
LT_SYS_LIBRARY_PATH=''
MAKEINFO='${SHELL} /home/biang/projects/cproj2/wolfssl-5.2.0/build-aux/missing makeinfo'
MANIFEST_TOOL=':'
MCHECK=''
MKDIR_P='/usr/bin/mkdir -p'
NM='/usr/bin/nm -B'
NMEDIT=''
OBJDUMP='objdump'
OBJEXT='o'
OTOOL64=''
OTOOL=''
PACKAGE='wolfssl'
PACKAGE_BUGREPORT='https://github.com/wolfssl/wolfssl/issues'
PACKAGE_NAME='wolfssl'
PACKAGE_STRING='wolfssl 5.2.0'
PACKAGE_TARNAME='wolfssl'
PACKAGE_URL='https://www.wolfssl.com'
PACKAGE_VERSION='5.2.0'
PATH_SEPARATOR=':'
PSA_INCLUDE=''
PSA_LIB=''
PSA_LIB_NAME=''
PTHREAD_CC='gcc'
PTHREAD_CFLAGS='-pthread'
PTHREAD_CXX=''
PTHREAD_LIBS='-lpthread'
RANLIB='ranlib'
SED='/usr/bin/sed'
SET_MAKE=''
SHELL='/bin/bash'
STRIP='strip'
USE_VALGRIND_FALSE=''
USE_VALGRIND_TRUE='#'
VERSION='5.2.0'
WOLFSENTRY_INCLUDE=''
WOLFSENTRY_LIB=''
WOLFSSL_LIBRARY_VERSION='32:0:0'
ac_ct_AR='ar'
ac_ct_CC='gcc'
ac_ct_DUMPBIN=''
am__EXEEXT_FALSE=''
am__EXEEXT_TRUE='#'
am__fastdepCCAS_FALSE='#'
am__fastdepCCAS_TRUE=''
am__fastdepCC_FALSE='#'
am__fastdepCC_TRUE=''
am__include='include'
am__isrc=''
am__leading_dot='.'
am__nodep='_no'
am__quote=''
am__tar='tar --format=ustar -chf - "$$tardir"'
am__untar='tar -xf -'
ax_pthread_config=''
bindir='${exec_prefix}/bin'
build='x86_64-pc-linux-gnu'
build_alias=''
build_cpu='x86_64'
build_os='linux-gnu'
build_vendor='pc'
datadir='${datarootdir}'
datarootdir='${prefix}/share'
docdir='${datarootdir}/doc/${PACKAGE_TARNAME}'
dvidir='${docdir}'
exec_prefix='${prefix}'
host='x86_64-pc-linux-gnu'
host_alias=''
host_cpu='x86_64'
host_os='linux-gnu'
host_vendor='pc'
htmldir='${docdir}'
includedir='${prefix}/include'
infodir='${datarootdir}/info'
install_sh='${SHELL} /home/biang/projects/cproj2/wolfssl-5.2.0/build-aux/install-sh'
libdir='${exec_prefix}/lib'
libexecdir='${exec_prefix}/libexec'
localedir='${datarootdir}/locale'
localstatedir='${prefix}/var'
mandir='${datarootdir}/man'
mkdir_p='$(MKDIR_P)'
oldincludedir='/usr/include'
pdfdir='${docdir}'
prefix='/usr/local'
program_transform_name='s,x,x,'
psdir='${docdir}'
runstatedir='${localstatedir}/run'
sbindir='${exec_prefix}/sbin'
sharedstatedir='${prefix}/com'
sysconfdir='${prefix}/etc'
target='x86_64-pc-linux-gnu'
target_alias=''
target_cpu='x86_64'
target_os='linux-gnu'
target_vendor='pc'

## ----------- ##
## confdefs.h. ##
## ----------- ##

/* confdefs.h */
#define PACKAGE_NAME "wolfssl"
#define PACKAGE_TARNAME "wolfssl"
#define PACKAGE_VERSION "5.2.0"
#define PACKAGE_STRING "wolfssl 5.2.0"
#define PACKAGE_BUGREPORT "https://github.com/wolfssl/wolfssl/issues"
#define PACKAGE_URL "https://www.wolfssl.com"
#define STDC_HEADERS 1
#define HAVE_SYS_TYPES_H 1
#define HAVE_SYS_STAT_H 1
#define HAVE_STDLIB_H 1
#define HAVE_STRING_H 1
#define HAVE_MEMORY_H 1
#define HAVE_STRINGS_H 1
#define HAVE_INTTYPES_H 1
#define HAVE_STDINT_H 1
#define HAVE_UNISTD_H 1
#define HAVE_DLFCN_H 1
#define LT_OBJDIR ".libs/"
#define HAVE_VISIBILITY 1
#define SIZEOF_LONG_LONG 8
#define SIZEOF_LONG 8
#define SIZEOF_TIME_T 8
#define HAVE___UINT128_T 1
#define HAVE_ARPA_INET_H 1
#define HAVE_FCNTL_H 1
#define HAVE_LIMITS_H 1
#define HAVE_NETDB_H 1
#define HAVE_NETINET_IN_H 1
#define HAVE_STDDEF_H 1
#define HAVE_TIME_H 1
#define HAVE_SYS_IOCTL_H 1
#define HAVE_SYS_SOCKET_H 1
#define HAVE_SYS_TIME_H 1
#define HAVE_ERRNO_H 1
#define HAVE_GETHOSTBYNAME 1
#define HAVE_GETADDRINFO 1
#define HAVE_GETTIMEOFDAY 1
#define HAVE_GMTIME_R 1
#define HAVE_INET_NTOA 1
#define HAVE_MEMSET 1
#define HAVE_SOCKET 1
#define HAVE_STRFTIME 1
#define HAVE_ATEXIT 1
#define HAVE_DECL_GETHOSTBYNAME 1
#define HAVE_DECL_GETADDRINFO 1
#define HAVE_DECL_GETTIMEOFDAY 1
#define HAVE_DECL_GMTIME_R 1
#define HAVE_DECL_INET_NTOA 1
#define HAVE_DECL_MEMSET 1
#define HAVE_DECL_SOCKET 1
#define HAVE_DECL_STRFTIME 1
#define HAVE_UINTPTR_T 1
#define TLS _Thread_local
#define DEBUG 0
#define HAVE_PTHREAD_PRIO_INHERIT 1
#define HAVE_PTHREAD 1
#define BUILD_USER_RSA /**/
#define VCS_SYSTEM "none"
#define VCS_CHECKOUT 0

configure: exit 0
